2025-05-16 11:46:14,229 - INFO - Using config file: config\config.yaml
2025-05-16 11:46:14,235 - INFO - CONFIG DEBUG: {'model': {'learning_rate': 0.0003, 'n_steps': 2048, 'batch_size': 64, 'n_epochs': 10, 'gamma': 0.99, 'gae_lambda': 0.95, 'clip_ratio': 0.2, 'entropy_coef': 0.01, 'value_coef': 0.5, 'max_grad_norm': 0.5}, 'env': {'initial_balance': 10000, 'commission_rate': 0.001, 'slippage': 0.0005, 'max_position': 1.0, 'reward_scaling': 0.01, 'min_trade_threshold': 0.1, 'stop_loss': 0.02, 'take_profit': 0.04, 'running_mean_window': 100, 'running_std_window': 100, 'delta_time_penalty': 0.001, 'trade_execution_bonus': 0.01, 'holding_cost_alpha': 0.0001, 'max_drawdown_threshold': 0.1, 'drawdown_penalty': 0.1, 'min_trades_per_episode': 5, 'end_episode_penalty': 0.1, 'curiosity_coef': 0.01}, 'features': {'sequence_length': 60, 'timeframes': ['1h', '2h', '4h', '12h', '24h', '7d'], 'sma_periods': [5, 10, 20, 50, 100, 200], 'ema_periods': [5, 10, 20, 50, 100, 200]}, 'training': {'total_timesteps': 1000000, 'eval_freq': 10000, 'n_eval_episodes': 5, 'tensorboard_log': 'logs/tensorboard'}, 'data': {'train_ratio': 0.7, 'val_ratio': 0.15, 'test_ratio': 0.15, 'symbols': ['BTCUSDT', 'ETHUSDT'], 'timeframe': '1h', 'start_date': '2020-01-01', 'end_date': '2023-12-31'}}
2025-05-16 11:48:35,592 - INFO - Using config file: config\config.yaml
2025-05-16 11:48:35,592 - INFO - CONFIG DEBUG: {'model': {'learning_rate': 0.0003, 'n_steps': 2048, 'batch_size': 64, 'n_epochs': 10, 'gamma': 0.99, 'gae_lambda': 0.95, 'clip_ratio': 0.2, 'entropy_coef': 0.01, 'value_coef': 0.5, 'max_grad_norm': 0.5}, 'env': {'initial_balance': 10000, 'commission_rate': 0.001, 'slippage': 0.0005, 'max_position': 1.0, 'reward_scaling': 0.01, 'min_trade_threshold': 0.1, 'stop_loss': 0.02, 'take_profit': 0.04, 'running_mean_window': 100, 'running_std_window': 100, 'delta_time_penalty': 0.001, 'trade_execution_bonus': 0.01, 'holding_cost_alpha': 0.0001, 'max_drawdown_threshold': 0.1, 'drawdown_penalty': 0.1, 'min_trades_per_episode': 5, 'end_episode_penalty': 0.1, 'curiosity_coef': 0.01}, 'features': {'sequence_length': 60, 'timeframes': ['1h', '2h', '4h', '12h', '24h', '7d'], 'sma_periods': [5, 10, 20, 50, 100, 200], 'ema_periods': [5, 10, 20, 50, 100, 200]}, 'training': {'total_timesteps': 1000000, 'eval_freq': 10000, 'n_eval_episodes': 5, 'tensorboard_log': 'logs/tensorboard'}, 'data': {'train_ratio': 0.7, 'val_ratio': 0.15, 'test_ratio': 0.15, 'symbols': ['BTCUSDT', 'ETHUSDT'], 'timeframe': '1h', 'start_date': '2020-01-01', 'end_date': '2023-12-31', 'data_dir': 'D:\\\\data_cache'}}
2025-05-16 11:48:35,634 - INFO - Original columns: ['Open time', 'Open', 'High', 'Low', 'Close', 'Volume']
2025-05-16 11:48:35,662 - ERROR - Error loading data: 'evaluation'
2025-05-16 11:49:18,144 - INFO - Using config file: config\config.yaml
2025-05-16 11:49:18,147 - INFO - CONFIG DEBUG: {'model': {'learning_rate': 0.0003, 'n_steps': 2048, 'batch_size': 64, 'n_epochs': 10, 'gamma': 0.99, 'gae_lambda': 0.95, 'clip_ratio': 0.2, 'entropy_coef': 0.01, 'value_coef': 0.5, 'max_grad_norm': 0.5}, 'env': {'initial_balance': 10000, 'commission_rate': 0.001, 'slippage': 0.0005, 'max_position': 1.0, 'reward_scaling': 0.01, 'min_trade_threshold': 0.1, 'stop_loss': 0.02, 'take_profit': 0.04, 'running_mean_window': 100, 'running_std_window': 100, 'delta_time_penalty': 0.001, 'trade_execution_bonus': 0.01, 'holding_cost_alpha': 0.0001, 'max_drawdown_threshold': 0.1, 'drawdown_penalty': 0.1, 'min_trades_per_episode': 5, 'end_episode_penalty': 0.1, 'curiosity_coef': 0.01}, 'features': {'sequence_length': 60, 'timeframes': ['1h', '2h', '4h', '12h', '24h', '7d'], 'sma_periods': [5, 10, 20, 50, 100, 200], 'ema_periods': [5, 10, 20, 50, 100, 200]}, 'training': {'total_timesteps': 1000000, 'eval_freq': 10000, 'n_eval_episodes': 5, 'tensorboard_log': 'logs/tensorboard'}, 'data': {'train_ratio': 0.7, 'val_ratio': 0.15, 'test_ratio': 0.15, 'symbols': ['BTCUSDT', 'ETHUSDT'], 'timeframe': '1h', 'start_date': '2020-01-01', 'end_date': '2023-12-31', 'data_dir': 'D:\\\\data_cache'}, 'evaluation': {'test_start_date': '2022-01-01', 'test_end_date': '2023-12-31'}}
2025-05-16 11:49:18,194 - INFO - Original columns: ['Open time', 'Open', 'High', 'Low', 'Close', 'Volume']
2025-05-16 11:49:18,212 - INFO - Columns before feature engineering: ['Open time', 'Open', 'High', 'Low', 'Close', 'Volume']
2025-05-16 11:49:18,730 - INFO - Generated 196 features
2025-05-16 11:49:18,731 - INFO - Columns after feature engineering: ['open_time', 'open', 'high', 'low', 'close', 'volume', 'open_1h', 'high_1h', 'low_1h', 'close_1h', 'volume_1h', 'sma_5_1h', 'sma_10_1h', 'sma_20_1h', 'sma_50_1h', 'sma_100_1h', 'sma_200_1h', 'ema_5_1h', 'ema_10_1h', 'ema_20_1h', 'ema_50_1h', 'ema_100_1h', 'ema_200_1h', 'macd_1h', 'macd_signal_1h', 'macd_hist_1h', 'rsi_1h', 'stoch_k_1h', 'stoch_d_1h', 'roc_1h', 'momentum_1h', 'atr_1h', 'bb_upper_1h', 'bb_lower_1h', 'bb_width_1h', 'bb_pct_b_1h', 'returns_std_20_1h', 'returns_std_50_1h', 'returns_std_100_1h', 'open_2h', 'high_2h', 'low_2h', 'close_2h', 'volume_2h', 'sma_5_2h', 'sma_10_2h', 'sma_20_2h', 'sma_50_2h', 'sma_100_2h', 'sma_200_2h', 'ema_5_2h', 'ema_10_2h', 'ema_20_2h', 'ema_50_2h', 'ema_100_2h', 'ema_200_2h', 'returns_std_20_2h', 'returns_std_50_2h', 'returns_std_100_2h', 'open_4h', 'high_4h', 'low_4h', 'close_4h', 'volume_4h', 'sma_5_4h', 'sma_10_4h', 'sma_20_4h', 'sma_50_4h', 'sma_100_4h', 'sma_200_4h', 'ema_5_4h', 'ema_10_4h', 'ema_20_4h', 'ema_50_4h', 'ema_100_4h', 'ema_200_4h', 'macd_4h', 'macd_signal_4h', 'macd_hist_4h', 'atr_4h', 'returns_std_20_4h', 'returns_std_50_4h', 'returns_std_100_4h', 'open_12h', 'high_12h', 'low_12h', 'close_12h', 'volume_12h', 'sma_5_12h', 'sma_10_12h', 'sma_20_12h', 'sma_50_12h', 'sma_100_12h', 'sma_200_12h', 'ema_5_12h', 'ema_10_12h', 'ema_20_12h', 'ema_50_12h', 'ema_100_12h', 'ema_200_12h', 'roc_12h', 'momentum_12h', 'returns_std_20_12h', 'returns_std_50_12h', 'returns_std_100_12h', 'open_24h', 'high_24h', 'low_24h', 'close_24h', 'volume_24h', 'sma_5_24h', 'sma_10_24h', 'sma_20_24h', 'sma_50_24h', 'sma_100_24h', 'sma_200_24h', 'ema_5_24h', 'ema_10_24h', 'ema_20_24h', 'ema_50_24h', 'ema_100_24h', 'ema_200_24h', 'bb_upper_24h', 'bb_lower_24h', 'bb_width_24h', 'bb_pct_b_24h', 'returns_std_20_24h', 'returns_std_50_24h', 'returns_std_100_24h', 'open_7d', 'high_7d', 'low_7d', 'close_7d', 'volume_7d', 'sma_5_7d', 'sma_10_7d', 'sma_20_7d', 'sma_50_7d', 'sma_100_7d', 'sma_200_7d', 'ema_5_7d', 'ema_10_7d', 'ema_20_7d', 'ema_50_7d', 'ema_100_7d', 'ema_200_7d', 'returns_std_20_7d', 'returns_std_50_7d', 'returns_std_100_7d', 'body_size', 'upper_wick', 'lower_wick', 'range', 'is_doji', 'is_hammer', 'max_drawdown_24h', 'max_drawdown_168h', 'sharpe_24h', 'sortino_24h', 'sharpe_168h', 'sortino_168h', 'hour', 'hour_0', 'hour_1', 'hour_2', 'hour_3', 'hour_4', 'hour_5', 'hour_6', 'hour_7', 'hour_8', 'hour_9', 'hour_10', 'hour_11', 'hour_12', 'hour_13', 'hour_14', 'hour_15', 'hour_16', 'hour_17', 'hour_18', 'hour_19', 'hour_20', 'hour_21', 'hour_22', 'hour_23', 'day', 'day_0', 'day_1', 'day_2', 'day_3', 'day_4', 'day_5', 'day_6', 'fft_amp_24h', 'fft_amp_168h']
2025-05-16 11:49:18,731 - INFO - Found close price column: close at index 4
2025-05-16 11:49:18,731 - INFO - Loaded 38221 rows for train period
2025-05-16 11:49:18,778 - INFO - Original columns: ['Open time', 'Open', 'High', 'Low', 'Close', 'Volume']
2025-05-16 11:49:18,794 - INFO - Columns before feature engineering: ['Open time', 'Open', 'High', 'Low', 'Close', 'Volume']
2025-05-16 11:49:19,299 - INFO - Generated 196 features
2025-05-16 11:49:19,300 - INFO - Columns after feature engineering: ['open_time', 'open', 'high', 'low', 'close', 'volume', 'open_1h', 'high_1h', 'low_1h', 'close_1h', 'volume_1h', 'sma_5_1h', 'sma_10_1h', 'sma_20_1h', 'sma_50_1h', 'sma_100_1h', 'sma_200_1h', 'ema_5_1h', 'ema_10_1h', 'ema_20_1h', 'ema_50_1h', 'ema_100_1h', 'ema_200_1h', 'macd_1h', 'macd_signal_1h', 'macd_hist_1h', 'rsi_1h', 'stoch_k_1h', 'stoch_d_1h', 'roc_1h', 'momentum_1h', 'atr_1h', 'bb_upper_1h', 'bb_lower_1h', 'bb_width_1h', 'bb_pct_b_1h', 'returns_std_20_1h', 'returns_std_50_1h', 'returns_std_100_1h', 'open_2h', 'high_2h', 'low_2h', 'close_2h', 'volume_2h', 'sma_5_2h', 'sma_10_2h', 'sma_20_2h', 'sma_50_2h', 'sma_100_2h', 'sma_200_2h', 'ema_5_2h', 'ema_10_2h', 'ema_20_2h', 'ema_50_2h', 'ema_100_2h', 'ema_200_2h', 'returns_std_20_2h', 'returns_std_50_2h', 'returns_std_100_2h', 'open_4h', 'high_4h', 'low_4h', 'close_4h', 'volume_4h', 'sma_5_4h', 'sma_10_4h', 'sma_20_4h', 'sma_50_4h', 'sma_100_4h', 'sma_200_4h', 'ema_5_4h', 'ema_10_4h', 'ema_20_4h', 'ema_50_4h', 'ema_100_4h', 'ema_200_4h', 'macd_4h', 'macd_signal_4h', 'macd_hist_4h', 'atr_4h', 'returns_std_20_4h', 'returns_std_50_4h', 'returns_std_100_4h', 'open_12h', 'high_12h', 'low_12h', 'close_12h', 'volume_12h', 'sma_5_12h', 'sma_10_12h', 'sma_20_12h', 'sma_50_12h', 'sma_100_12h', 'sma_200_12h', 'ema_5_12h', 'ema_10_12h', 'ema_20_12h', 'ema_50_12h', 'ema_100_12h', 'ema_200_12h', 'roc_12h', 'momentum_12h', 'returns_std_20_12h', 'returns_std_50_12h', 'returns_std_100_12h', 'open_24h', 'high_24h', 'low_24h', 'close_24h', 'volume_24h', 'sma_5_24h', 'sma_10_24h', 'sma_20_24h', 'sma_50_24h', 'sma_100_24h', 'sma_200_24h', 'ema_5_24h', 'ema_10_24h', 'ema_20_24h', 'ema_50_24h', 'ema_100_24h', 'ema_200_24h', 'bb_upper_24h', 'bb_lower_24h', 'bb_width_24h', 'bb_pct_b_24h', 'returns_std_20_24h', 'returns_std_50_24h', 'returns_std_100_24h', 'open_7d', 'high_7d', 'low_7d', 'close_7d', 'volume_7d', 'sma_5_7d', 'sma_10_7d', 'sma_20_7d', 'sma_50_7d', 'sma_100_7d', 'sma_200_7d', 'ema_5_7d', 'ema_10_7d', 'ema_20_7d', 'ema_50_7d', 'ema_100_7d', 'ema_200_7d', 'returns_std_20_7d', 'returns_std_50_7d', 'returns_std_100_7d', 'body_size', 'upper_wick', 'lower_wick', 'range', 'is_doji', 'is_hammer', 'max_drawdown_24h', 'max_drawdown_168h', 'sharpe_24h', 'sortino_24h', 'sharpe_168h', 'sortino_168h', 'hour', 'hour_0', 'hour_1', 'hour_2', 'hour_3', 'hour_4', 'hour_5', 'hour_6', 'hour_7', 'hour_8', 'hour_9', 'hour_10', 'hour_11', 'hour_12', 'hour_13', 'hour_14', 'hour_15', 'hour_16', 'hour_17', 'hour_18', 'hour_19', 'hour_20', 'hour_21', 'hour_22', 'hour_23', 'day', 'day_0', 'day_1', 'day_2', 'day_3', 'day_4', 'day_5', 'day_6', 'fft_amp_24h', 'fft_amp_168h']
2025-05-16 11:49:19,300 - INFO - Found close price column: close at index 4
2025-05-16 11:49:19,300 - INFO - Loaded 38221 rows for train period
2025-05-16 11:49:20,282 - INFO - Generated sequences shape: (38162, 60, 195)
2025-05-16 11:49:20,282 - INFO - Generated timestamps shape: (38162,)
2025-05-16 11:49:20,331 - INFO - Original columns: ['Open time', 'Open', 'High', 'Low', 'Close', 'Volume']
2025-05-16 11:49:20,346 - INFO - Columns before feature engineering: ['Open time', 'Open', 'High', 'Low', 'Close', 'Volume']
2025-05-16 11:49:20,633 - INFO - Generated 196 features
2025-05-16 11:49:20,633 - INFO - Columns after feature engineering: ['open_time', 'open', 'high', 'low', 'close', 'volume', 'open_1h', 'high_1h', 'low_1h', 'close_1h', 'volume_1h', 'sma_5_1h', 'sma_10_1h', 'sma_20_1h', 'sma_50_1h', 'sma_100_1h', 'sma_200_1h', 'ema_5_1h', 'ema_10_1h', 'ema_20_1h', 'ema_50_1h', 'ema_100_1h', 'ema_200_1h', 'macd_1h', 'macd_signal_1h', 'macd_hist_1h', 'rsi_1h', 'stoch_k_1h', 'stoch_d_1h', 'roc_1h', 'momentum_1h', 'atr_1h', 'bb_upper_1h', 'bb_lower_1h', 'bb_width_1h', 'bb_pct_b_1h', 'returns_std_20_1h', 'returns_std_50_1h', 'returns_std_100_1h', 'open_2h', 'high_2h', 'low_2h', 'close_2h', 'volume_2h', 'sma_5_2h', 'sma_10_2h', 'sma_20_2h', 'sma_50_2h', 'sma_100_2h', 'sma_200_2h', 'ema_5_2h', 'ema_10_2h', 'ema_20_2h', 'ema_50_2h', 'ema_100_2h', 'ema_200_2h', 'returns_std_20_2h', 'returns_std_50_2h', 'returns_std_100_2h', 'open_4h', 'high_4h', 'low_4h', 'close_4h', 'volume_4h', 'sma_5_4h', 'sma_10_4h', 'sma_20_4h', 'sma_50_4h', 'sma_100_4h', 'sma_200_4h', 'ema_5_4h', 'ema_10_4h', 'ema_20_4h', 'ema_50_4h', 'ema_100_4h', 'ema_200_4h', 'macd_4h', 'macd_signal_4h', 'macd_hist_4h', 'atr_4h', 'returns_std_20_4h', 'returns_std_50_4h', 'returns_std_100_4h', 'open_12h', 'high_12h', 'low_12h', 'close_12h', 'volume_12h', 'sma_5_12h', 'sma_10_12h', 'sma_20_12h', 'sma_50_12h', 'sma_100_12h', 'sma_200_12h', 'ema_5_12h', 'ema_10_12h', 'ema_20_12h', 'ema_50_12h', 'ema_100_12h', 'ema_200_12h', 'roc_12h', 'momentum_12h', 'returns_std_20_12h', 'returns_std_50_12h', 'returns_std_100_12h', 'open_24h', 'high_24h', 'low_24h', 'close_24h', 'volume_24h', 'sma_5_24h', 'sma_10_24h', 'sma_20_24h', 'sma_50_24h', 'sma_100_24h', 'sma_200_24h', 'ema_5_24h', 'ema_10_24h', 'ema_20_24h', 'ema_50_24h', 'ema_100_24h', 'ema_200_24h', 'bb_upper_24h', 'bb_lower_24h', 'bb_width_24h', 'bb_pct_b_24h', 'returns_std_20_24h', 'returns_std_50_24h', 'returns_std_100_24h', 'open_7d', 'high_7d', 'low_7d', 'close_7d', 'volume_7d', 'sma_5_7d', 'sma_10_7d', 'sma_20_7d', 'sma_50_7d', 'sma_100_7d', 'sma_200_7d', 'ema_5_7d', 'ema_10_7d', 'ema_20_7d', 'ema_50_7d', 'ema_100_7d', 'ema_200_7d', 'returns_std_20_7d', 'returns_std_50_7d', 'returns_std_100_7d', 'body_size', 'upper_wick', 'lower_wick', 'range', 'is_doji', 'is_hammer', 'max_drawdown_24h', 'max_drawdown_168h', 'sharpe_24h', 'sortino_24h', 'sharpe_168h', 'sortino_168h', 'hour', 'hour_0', 'hour_1', 'hour_2', 'hour_3', 'hour_4', 'hour_5', 'hour_6', 'hour_7', 'hour_8', 'hour_9', 'hour_10', 'hour_11', 'hour_12', 'hour_13', 'hour_14', 'hour_15', 'hour_16', 'hour_17', 'hour_18', 'hour_19', 'hour_20', 'hour_21', 'hour_22', 'hour_23', 'day', 'day_0', 'day_1', 'day_2', 'day_3', 'day_4', 'day_5', 'day_6', 'fft_amp_24h', 'fft_amp_168h']
2025-05-16 11:49:20,633 - INFO - Found close price column: close at index 4
2025-05-16 11:49:20,633 - INFO - Loaded 17496 rows for test period
2025-05-16 11:49:21,076 - INFO - Generated sequences shape: (17437, 60, 195)
2025-05-16 11:49:21,076 - INFO - Generated timestamps shape: (17437,)
2025-05-16 11:49:21,076 - INFO - Prepared 38162 training sequences and 17437 test sequences
2025-05-16 11:49:21,083 - INFO - Starting genetic optimization...
2025-05-16 11:49:21,084 - INFO - Generation 1/3
2025-05-16 11:49:21,085 - INFO - Checking GPU availability...
2025-05-16 11:49:21,105 - INFO - CUDA available: True
2025-05-16 11:49:21,106 - INFO - CUDA version: 11.8
2025-05-16 11:49:21,106 - INFO - Number of GPUs: 1
2025-05-16 11:49:21,108 - INFO - GPU 0: NVIDIA GeForce RTX 3070 Ti
2025-05-16 11:49:21,108 - INFO - GPU 0 Memory: 8.00 GB
2025-05-16 11:49:21,108 - INFO - PyTorch built with CUDA: True
2025-05-16 11:49:21,108 - INFO - cuDNN version: 90100
2025-05-16 11:49:21,108 - INFO - Using device: cuda
2025-05-16 11:51:32,367 - ERROR - Error evaluating configuration: Expected parameter loc (Tensor of shape (1, 1)) of distribution Normal(loc: tensor([[nan]], device='cuda:0'), scale: tensor([[1.0000]], device='cuda:0')) to satisfy the constraint Real(), but found invalid values:
tensor([[nan]], device='cuda:0')
2025-05-16 11:51:32,379 - INFO - Checking GPU availability...
2025-05-16 11:51:32,379 - INFO - CUDA available: True
2025-05-16 11:51:32,379 - INFO - CUDA version: 11.8
2025-05-16 11:51:32,379 - INFO - Number of GPUs: 1
2025-05-16 11:51:32,380 - INFO - GPU 0: NVIDIA GeForce RTX 3070 Ti
2025-05-16 11:51:32,380 - INFO - GPU 0 Memory: 8.00 GB
2025-05-16 11:51:32,380 - INFO - PyTorch built with CUDA: True
2025-05-16 11:51:32,380 - INFO - cuDNN version: 90100
2025-05-16 11:51:32,380 - INFO - Using device: cuda
2025-05-16 11:53:42,286 - ERROR - Error during evaluation: not enough values to unpack (expected 5, got 4)
2025-05-16 11:53:42,286 - ERROR - Error evaluating configuration: not enough values to unpack (expected 5, got 4)
2025-05-16 11:53:42,303 - INFO - Checking GPU availability...
2025-05-16 11:53:42,303 - INFO - CUDA available: True
2025-05-16 11:53:42,303 - INFO - CUDA version: 11.8
2025-05-16 11:53:42,303 - INFO - Number of GPUs: 1
2025-05-16 11:53:42,303 - INFO - GPU 0: NVIDIA GeForce RTX 3070 Ti
2025-05-16 11:53:42,303 - INFO - GPU 0 Memory: 8.00 GB
2025-05-16 11:53:42,303 - INFO - PyTorch built with CUDA: True
2025-05-16 11:53:42,303 - INFO - cuDNN version: 90100
2025-05-16 11:53:42,303 - INFO - Using device: cuda
2025-05-16 11:55:59,520 - ERROR - Error during evaluation: not enough values to unpack (expected 5, got 4)
2025-05-16 11:55:59,520 - ERROR - Error evaluating configuration: not enough values to unpack (expected 5, got 4)
2025-05-16 11:55:59,520 - INFO - Checking GPU availability...
2025-05-16 11:55:59,529 - INFO - CUDA available: True
2025-05-16 11:55:59,529 - INFO - CUDA version: 11.8
2025-05-16 11:55:59,529 - INFO - Number of GPUs: 1
2025-05-16 11:55:59,529 - INFO - GPU 0: NVIDIA GeForce RTX 3070 Ti
2025-05-16 11:55:59,529 - INFO - GPU 0 Memory: 8.00 GB
2025-05-16 11:55:59,529 - INFO - PyTorch built with CUDA: True
2025-05-16 11:55:59,529 - INFO - cuDNN version: 90100
2025-05-16 11:55:59,529 - INFO - Using device: cuda
2025-05-16 11:58:14,149 - ERROR - Error during evaluation: not enough values to unpack (expected 5, got 4)
2025-05-16 11:58:14,149 - ERROR - Error evaluating configuration: not enough values to unpack (expected 5, got 4)
2025-05-16 11:58:14,160 - INFO - Checking GPU availability...
2025-05-16 11:58:14,160 - INFO - CUDA available: True
2025-05-16 11:58:14,160 - INFO - CUDA version: 11.8
2025-05-16 11:58:14,160 - INFO - Number of GPUs: 1
2025-05-16 11:58:14,161 - INFO - GPU 0: NVIDIA GeForce RTX 3070 Ti
2025-05-16 11:58:14,161 - INFO - GPU 0 Memory: 8.00 GB
2025-05-16 11:58:14,161 - INFO - PyTorch built with CUDA: True
2025-05-16 11:58:14,161 - INFO - cuDNN version: 90100
2025-05-16 11:58:14,161 - INFO - Using device: cuda
2025-05-16 11:58:36,601 - INFO - Using config file: config\config.yaml
2025-05-16 11:58:36,601 - INFO - Created results directory: results\genetic
2025-05-16 11:58:36,601 - INFO - Loaded base configuration
2025-05-16 11:58:36,643 - INFO - Original columns: ['Open time', 'Open', 'High', 'Low', 'Close', 'Volume']
2025-05-16 11:58:36,664 - INFO - Columns before feature engineering: ['Open time', 'Open', 'High', 'Low', 'Close', 'Volume']
2025-05-16 11:58:37,159 - INFO - Generated 196 features
2025-05-16 11:58:37,159 - INFO - Columns after feature engineering: ['open_time', 'open', 'high', 'low', 'close', 'volume', 'open_1h', 'high_1h', 'low_1h', 'close_1h', 'volume_1h', 'sma_5_1h', 'sma_10_1h', 'sma_20_1h', 'sma_50_1h', 'sma_100_1h', 'sma_200_1h', 'ema_5_1h', 'ema_10_1h', 'ema_20_1h', 'ema_50_1h', 'ema_100_1h', 'ema_200_1h', 'macd_1h', 'macd_signal_1h', 'macd_hist_1h', 'rsi_1h', 'stoch_k_1h', 'stoch_d_1h', 'roc_1h', 'momentum_1h', 'atr_1h', 'bb_upper_1h', 'bb_lower_1h', 'bb_width_1h', 'bb_pct_b_1h', 'returns_std_20_1h', 'returns_std_50_1h', 'returns_std_100_1h', 'open_2h', 'high_2h', 'low_2h', 'close_2h', 'volume_2h', 'sma_5_2h', 'sma_10_2h', 'sma_20_2h', 'sma_50_2h', 'sma_100_2h', 'sma_200_2h', 'ema_5_2h', 'ema_10_2h', 'ema_20_2h', 'ema_50_2h', 'ema_100_2h', 'ema_200_2h', 'returns_std_20_2h', 'returns_std_50_2h', 'returns_std_100_2h', 'open_4h', 'high_4h', 'low_4h', 'close_4h', 'volume_4h', 'sma_5_4h', 'sma_10_4h', 'sma_20_4h', 'sma_50_4h', 'sma_100_4h', 'sma_200_4h', 'ema_5_4h', 'ema_10_4h', 'ema_20_4h', 'ema_50_4h', 'ema_100_4h', 'ema_200_4h', 'macd_4h', 'macd_signal_4h', 'macd_hist_4h', 'atr_4h', 'returns_std_20_4h', 'returns_std_50_4h', 'returns_std_100_4h', 'open_12h', 'high_12h', 'low_12h', 'close_12h', 'volume_12h', 'sma_5_12h', 'sma_10_12h', 'sma_20_12h', 'sma_50_12h', 'sma_100_12h', 'sma_200_12h', 'ema_5_12h', 'ema_10_12h', 'ema_20_12h', 'ema_50_12h', 'ema_100_12h', 'ema_200_12h', 'roc_12h', 'momentum_12h', 'returns_std_20_12h', 'returns_std_50_12h', 'returns_std_100_12h', 'open_24h', 'high_24h', 'low_24h', 'close_24h', 'volume_24h', 'sma_5_24h', 'sma_10_24h', 'sma_20_24h', 'sma_50_24h', 'sma_100_24h', 'sma_200_24h', 'ema_5_24h', 'ema_10_24h', 'ema_20_24h', 'ema_50_24h', 'ema_100_24h', 'ema_200_24h', 'bb_upper_24h', 'bb_lower_24h', 'bb_width_24h', 'bb_pct_b_24h', 'returns_std_20_24h', 'returns_std_50_24h', 'returns_std_100_24h', 'open_7d', 'high_7d', 'low_7d', 'close_7d', 'volume_7d', 'sma_5_7d', 'sma_10_7d', 'sma_20_7d', 'sma_50_7d', 'sma_100_7d', 'sma_200_7d', 'ema_5_7d', 'ema_10_7d', 'ema_20_7d', 'ema_50_7d', 'ema_100_7d', 'ema_200_7d', 'returns_std_20_7d', 'returns_std_50_7d', 'returns_std_100_7d', 'body_size', 'upper_wick', 'lower_wick', 'range', 'is_doji', 'is_hammer', 'max_drawdown_24h', 'max_drawdown_168h', 'sharpe_24h', 'sortino_24h', 'sharpe_168h', 'sortino_168h', 'hour', 'hour_0', 'hour_1', 'hour_2', 'hour_3', 'hour_4', 'hour_5', 'hour_6', 'hour_7', 'hour_8', 'hour_9', 'hour_10', 'hour_11', 'hour_12', 'hour_13', 'hour_14', 'hour_15', 'hour_16', 'hour_17', 'hour_18', 'hour_19', 'hour_20', 'hour_21', 'hour_22', 'hour_23', 'day', 'day_0', 'day_1', 'day_2', 'day_3', 'day_4', 'day_5', 'day_6', 'fft_amp_24h', 'fft_amp_168h']
2025-05-16 11:58:37,160 - INFO - Found close price column: close at index 4
2025-05-16 11:58:37,160 - INFO - Loaded 38221 rows for train period
2025-05-16 11:58:37,161 - INFO - Data loaded successfully
2025-05-16 11:58:37,204 - INFO - Original columns: ['Open time', 'Open', 'High', 'Low', 'Close', 'Volume']
2025-05-16 11:58:37,223 - INFO - Columns before feature engineering: ['Open time', 'Open', 'High', 'Low', 'Close', 'Volume']
2025-05-16 11:58:37,721 - INFO - Generated 196 features
2025-05-16 11:58:37,722 - INFO - Columns after feature engineering: ['open_time', 'open', 'high', 'low', 'close', 'volume', 'open_1h', 'high_1h', 'low_1h', 'close_1h', 'volume_1h', 'sma_5_1h', 'sma_10_1h', 'sma_20_1h', 'sma_50_1h', 'sma_100_1h', 'sma_200_1h', 'ema_5_1h', 'ema_10_1h', 'ema_20_1h', 'ema_50_1h', 'ema_100_1h', 'ema_200_1h', 'macd_1h', 'macd_signal_1h', 'macd_hist_1h', 'rsi_1h', 'stoch_k_1h', 'stoch_d_1h', 'roc_1h', 'momentum_1h', 'atr_1h', 'bb_upper_1h', 'bb_lower_1h', 'bb_width_1h', 'bb_pct_b_1h', 'returns_std_20_1h', 'returns_std_50_1h', 'returns_std_100_1h', 'open_2h', 'high_2h', 'low_2h', 'close_2h', 'volume_2h', 'sma_5_2h', 'sma_10_2h', 'sma_20_2h', 'sma_50_2h', 'sma_100_2h', 'sma_200_2h', 'ema_5_2h', 'ema_10_2h', 'ema_20_2h', 'ema_50_2h', 'ema_100_2h', 'ema_200_2h', 'returns_std_20_2h', 'returns_std_50_2h', 'returns_std_100_2h', 'open_4h', 'high_4h', 'low_4h', 'close_4h', 'volume_4h', 'sma_5_4h', 'sma_10_4h', 'sma_20_4h', 'sma_50_4h', 'sma_100_4h', 'sma_200_4h', 'ema_5_4h', 'ema_10_4h', 'ema_20_4h', 'ema_50_4h', 'ema_100_4h', 'ema_200_4h', 'macd_4h', 'macd_signal_4h', 'macd_hist_4h', 'atr_4h', 'returns_std_20_4h', 'returns_std_50_4h', 'returns_std_100_4h', 'open_12h', 'high_12h', 'low_12h', 'close_12h', 'volume_12h', 'sma_5_12h', 'sma_10_12h', 'sma_20_12h', 'sma_50_12h', 'sma_100_12h', 'sma_200_12h', 'ema_5_12h', 'ema_10_12h', 'ema_20_12h', 'ema_50_12h', 'ema_100_12h', 'ema_200_12h', 'roc_12h', 'momentum_12h', 'returns_std_20_12h', 'returns_std_50_12h', 'returns_std_100_12h', 'open_24h', 'high_24h', 'low_24h', 'close_24h', 'volume_24h', 'sma_5_24h', 'sma_10_24h', 'sma_20_24h', 'sma_50_24h', 'sma_100_24h', 'sma_200_24h', 'ema_5_24h', 'ema_10_24h', 'ema_20_24h', 'ema_50_24h', 'ema_100_24h', 'ema_200_24h', 'bb_upper_24h', 'bb_lower_24h', 'bb_width_24h', 'bb_pct_b_24h', 'returns_std_20_24h', 'returns_std_50_24h', 'returns_std_100_24h', 'open_7d', 'high_7d', 'low_7d', 'close_7d', 'volume_7d', 'sma_5_7d', 'sma_10_7d', 'sma_20_7d', 'sma_50_7d', 'sma_100_7d', 'sma_200_7d', 'ema_5_7d', 'ema_10_7d', 'ema_20_7d', 'ema_50_7d', 'ema_100_7d', 'ema_200_7d', 'returns_std_20_7d', 'returns_std_50_7d', 'returns_std_100_7d', 'body_size', 'upper_wick', 'lower_wick', 'range', 'is_doji', 'is_hammer', 'max_drawdown_24h', 'max_drawdown_168h', 'sharpe_24h', 'sortino_24h', 'sharpe_168h', 'sortino_168h', 'hour', 'hour_0', 'hour_1', 'hour_2', 'hour_3', 'hour_4', 'hour_5', 'hour_6', 'hour_7', 'hour_8', 'hour_9', 'hour_10', 'hour_11', 'hour_12', 'hour_13', 'hour_14', 'hour_15', 'hour_16', 'hour_17', 'hour_18', 'hour_19', 'hour_20', 'hour_21', 'hour_22', 'hour_23', 'day', 'day_0', 'day_1', 'day_2', 'day_3', 'day_4', 'day_5', 'day_6', 'fft_amp_24h', 'fft_amp_168h']
2025-05-16 11:58:37,722 - INFO - Found close price column: close at index 4
2025-05-16 11:58:37,722 - INFO - Loaded 38221 rows for train period
2025-05-16 11:58:38,662 - INFO - Generated sequences shape: (38162, 60, 195)
2025-05-16 11:58:38,662 - INFO - Generated timestamps shape: (38162,)
2025-05-16 11:58:38,720 - INFO - Original columns: ['Open time', 'Open', 'High', 'Low', 'Close', 'Volume']
2025-05-16 11:58:38,736 - INFO - Columns before feature engineering: ['Open time', 'Open', 'High', 'Low', 'Close', 'Volume']
2025-05-16 11:58:38,977 - INFO - Generated 196 features
2025-05-16 11:58:38,977 - INFO - Columns after feature engineering: ['open_time', 'open', 'high', 'low', 'close', 'volume', 'open_1h', 'high_1h', 'low_1h', 'close_1h', 'volume_1h', 'sma_5_1h', 'sma_10_1h', 'sma_20_1h', 'sma_50_1h', 'sma_100_1h', 'sma_200_1h', 'ema_5_1h', 'ema_10_1h', 'ema_20_1h', 'ema_50_1h', 'ema_100_1h', 'ema_200_1h', 'macd_1h', 'macd_signal_1h', 'macd_hist_1h', 'rsi_1h', 'stoch_k_1h', 'stoch_d_1h', 'roc_1h', 'momentum_1h', 'atr_1h', 'bb_upper_1h', 'bb_lower_1h', 'bb_width_1h', 'bb_pct_b_1h', 'returns_std_20_1h', 'returns_std_50_1h', 'returns_std_100_1h', 'open_2h', 'high_2h', 'low_2h', 'close_2h', 'volume_2h', 'sma_5_2h', 'sma_10_2h', 'sma_20_2h', 'sma_50_2h', 'sma_100_2h', 'sma_200_2h', 'ema_5_2h', 'ema_10_2h', 'ema_20_2h', 'ema_50_2h', 'ema_100_2h', 'ema_200_2h', 'returns_std_20_2h', 'returns_std_50_2h', 'returns_std_100_2h', 'open_4h', 'high_4h', 'low_4h', 'close_4h', 'volume_4h', 'sma_5_4h', 'sma_10_4h', 'sma_20_4h', 'sma_50_4h', 'sma_100_4h', 'sma_200_4h', 'ema_5_4h', 'ema_10_4h', 'ema_20_4h', 'ema_50_4h', 'ema_100_4h', 'ema_200_4h', 'macd_4h', 'macd_signal_4h', 'macd_hist_4h', 'atr_4h', 'returns_std_20_4h', 'returns_std_50_4h', 'returns_std_100_4h', 'open_12h', 'high_12h', 'low_12h', 'close_12h', 'volume_12h', 'sma_5_12h', 'sma_10_12h', 'sma_20_12h', 'sma_50_12h', 'sma_100_12h', 'sma_200_12h', 'ema_5_12h', 'ema_10_12h', 'ema_20_12h', 'ema_50_12h', 'ema_100_12h', 'ema_200_12h', 'roc_12h', 'momentum_12h', 'returns_std_20_12h', 'returns_std_50_12h', 'returns_std_100_12h', 'open_24h', 'high_24h', 'low_24h', 'close_24h', 'volume_24h', 'sma_5_24h', 'sma_10_24h', 'sma_20_24h', 'sma_50_24h', 'sma_100_24h', 'sma_200_24h', 'ema_5_24h', 'ema_10_24h', 'ema_20_24h', 'ema_50_24h', 'ema_100_24h', 'ema_200_24h', 'bb_upper_24h', 'bb_lower_24h', 'bb_width_24h', 'bb_pct_b_24h', 'returns_std_20_24h', 'returns_std_50_24h', 'returns_std_100_24h', 'open_7d', 'high_7d', 'low_7d', 'close_7d', 'volume_7d', 'sma_5_7d', 'sma_10_7d', 'sma_20_7d', 'sma_50_7d', 'sma_100_7d', 'sma_200_7d', 'ema_5_7d', 'ema_10_7d', 'ema_20_7d', 'ema_50_7d', 'ema_100_7d', 'ema_200_7d', 'returns_std_20_7d', 'returns_std_50_7d', 'returns_std_100_7d', 'body_size', 'upper_wick', 'lower_wick', 'range', 'is_doji', 'is_hammer', 'max_drawdown_24h', 'max_drawdown_168h', 'sharpe_24h', 'sortino_24h', 'sharpe_168h', 'sortino_168h', 'hour', 'hour_0', 'hour_1', 'hour_2', 'hour_3', 'hour_4', 'hour_5', 'hour_6', 'hour_7', 'hour_8', 'hour_9', 'hour_10', 'hour_11', 'hour_12', 'hour_13', 'hour_14', 'hour_15', 'hour_16', 'hour_17', 'hour_18', 'hour_19', 'hour_20', 'hour_21', 'hour_22', 'hour_23', 'day', 'day_0', 'day_1', 'day_2', 'day_3', 'day_4', 'day_5', 'day_6', 'fft_amp_24h', 'fft_amp_168h']
2025-05-16 11:58:38,977 - INFO - Found close price column: close at index 4
2025-05-16 11:58:38,977 - INFO - Loaded 17496 rows for test period
2025-05-16 11:58:39,416 - INFO - Generated sequences shape: (17437, 60, 195)
2025-05-16 11:58:39,416 - INFO - Generated timestamps shape: (17437,)
2025-05-16 11:58:39,417 - INFO - Prepared 38162 training sequences and 17437 test sequences
2025-05-16 11:58:39,420 - INFO - Initialized model evaluator
2025-05-16 11:58:39,422 - INFO - Initialized genetic optimizer
2025-05-16 11:58:39,422 - INFO - Starting genetic optimization...
2025-05-16 11:58:39,422 - INFO - Population size: 5
2025-05-16 11:58:39,423 - INFO - Number of generations: 3
2025-05-16 11:58:39,423 - INFO - Mutation rate: 0.1
2025-05-16 11:58:39,423 - INFO - Elite size: 2
2025-05-16 11:58:39,423 - INFO - Training timesteps per model: 10000
2025-05-16 11:58:39,424 - INFO - Initialized population of size 5
2025-05-16 11:58:39,424 - INFO - 
Generation 1/3
2025-05-16 11:58:39,424 - INFO - Evaluating configuration 1/5 in generation 1
2025-05-16 11:58:39,425 - INFO - Checking GPU availability...
2025-05-16 11:58:39,447 - INFO - CUDA available: True
2025-05-16 11:58:39,447 - INFO - CUDA version: 11.8
2025-05-16 11:58:39,449 - INFO - Number of GPUs: 1
2025-05-16 11:58:39,451 - INFO - GPU 0: NVIDIA GeForce RTX 3070 Ti
2025-05-16 11:58:39,451 - INFO - GPU 0 Memory: 8.00 GB
2025-05-16 11:58:39,451 - INFO - PyTorch built with CUDA: True
2025-05-16 11:58:39,451 - INFO - cuDNN version: 90100
2025-05-16 11:58:39,451 - INFO - Using device: cuda
