2025-05-06 10:27:07,660 - INFO - [STEP 1] Loading multi-crypto data
2025-05-06 10:27:07,695 - INFO - Loading files: ['1000CATUSDT.csv', '1000CHEEMSUSDT.csv', '1000SATSUSDT.csv', '1INCHDOWNUSDT.csv', '1INCHUPUSDT.csv', '1INCHUSDT.csv', '1MBABYDOGEUSDT.csv', 'A8USDT.csv', 'AAVEDOWNUSDT.csv', 'AAVEUPUSDT.csv', 'AAVEUSDT.csv', 'ACAUSDT.csv', 'ACEUSDT.csv', 'ACHUSDT.csv', 'ACMUSDT.csv', 'ACTUSDT.csv', 'ACXUSDT.csv', 'ADADOWNUSDT.csv', 'ADAUPUSDT.csv', 'BTCUSDT.csv']
2025-05-06 10:27:13,213 - INFO - [INFO] Loaded data shape: (360777, 7)
2025-05-06 10:27:13,216 - INFO - [STEP 2] Normalizing timestamps
2025-05-06 10:27:13,771 - INFO - [STEP 3] Feature engineering
2025-05-06 10:27:26,492 - INFO - [STEP 4] Label generation
2025-05-06 10:27:27,529 - INFO - [STEP 5] Feature scaling
2025-05-06 10:27:29,552 - INFO - [STEP 6] Reconstructing scaled DataFrame
2025-05-06 10:27:29,774 - INFO - [STEP 7] Train/test split
2025-05-06 10:27:30,159 - INFO - Train shape: (284318, 77), Test shape: (66777, 77)
2025-05-06 10:27:31,149 - INFO - Starting XGBoost GridSearchCV...
2025-05-06 10:28:37,055 - INFO - Best parameters: {'learning_rate': 0.1, 'max_depth': 3, 'n_estimators': 100, 'subsample': 1.0}
2025-05-06 10:28:37,092 - INFO - Feature selection: uso feature già salvate (20 feature)
2025-05-06 10:28:37,173 - INFO - Retrain Logistic Regression sulle feature selezionate...
2025-05-06 10:28:38,086 - INFO - 
Logistic Regression Metrics:
2025-05-06 10:28:38,088 - INFO - Accuracy: 0.5185
2025-05-06 10:28:38,088 - INFO - F1 Score: 0.6155
2025-05-06 10:28:38,091 - INFO - ROC AUC: 0.5184
2025-05-06 10:28:38,091 - INFO - Retrain Random Forest sulle feature selezionate...
2025-05-06 10:28:38,091 - INFO - Starting Random Forest GridSearchCV...
2025-05-06 10:36:10,560 - INFO - Best parameters: {'max_depth': 10, 'min_samples_leaf': 1, 'min_samples_split': 2, 'n_estimators': 100}
2025-05-06 10:36:11,149 - INFO - 
Random Forest Metrics:
2025-05-06 10:36:11,151 - INFO - Accuracy: 0.5189
2025-05-06 10:36:11,153 - INFO - F1 Score: 0.3905
2025-05-06 10:36:11,153 - INFO - ROC AUC: 0.5366
2025-05-06 10:36:11,153 - INFO - Retrain XGBoost sulle feature selezionate...
2025-05-06 10:36:11,155 - INFO - Starting XGBoost GridSearchCV...
2025-05-06 10:36:37,520 - INFO - Best parameters: {'learning_rate': 0.1, 'max_depth': 3, 'n_estimators': 100, 'subsample': 1.0}
2025-05-06 10:36:37,872 - INFO - 
XGBoost Metrics:
2025-05-06 10:36:37,873 - INFO - Accuracy: 0.5216
2025-05-06 10:36:37,874 - INFO - F1 Score: 0.4179
2025-05-06 10:36:37,880 - INFO - ROC AUC: 0.5443
2025-05-06 10:36:46,658 - WARNING - Random Forest did not meet improvement thresholds!
2025-05-06 10:36:46,661 - WARNING - Delta Accuracy: 0.0004, Delta ROC AUC: 0.0182
2025-05-06 10:36:46,662 - WARNING - XGBoost did not meet improvement thresholds!
2025-05-06 10:36:46,662 - WARNING - Delta Accuracy: 0.0032, Delta ROC AUC: 0.0259
2025-05-06 10:36:46,662 - INFO - Day 7 completed successfully!
2025-05-06 10:41:12,768 - INFO - [STEP 1] Loading multi-crypto data
2025-05-06 10:41:12,791 - INFO - Loading files: ['1000CATUSDT.csv', '1000CHEEMSUSDT.csv', '1000SATSUSDT.csv', '1INCHDOWNUSDT.csv', '1INCHUPUSDT.csv', '1INCHUSDT.csv', '1MBABYDOGEUSDT.csv', 'A8USDT.csv', 'AAVEDOWNUSDT.csv', 'AAVEUPUSDT.csv', 'AAVEUSDT.csv', 'ACAUSDT.csv', 'ACEUSDT.csv', 'ACHUSDT.csv', 'ACMUSDT.csv', 'ACTUSDT.csv', 'ACXUSDT.csv', 'ADADOWNUSDT.csv', 'ADAUPUSDT.csv', 'BTCUSDT.csv']
2025-05-06 10:41:16,507 - INFO - [INFO] Loaded data shape: (360777, 7)
2025-05-06 10:41:16,515 - INFO - [STEP 2] Normalizing timestamps
2025-05-06 10:41:16,759 - INFO - Aggrego i dati a daily...
2025-05-06 10:41:16,764 - ERROR - Error in main execution: 'Open time'
2025-05-06 10:43:24,426 - INFO - [STEP 1] Loading multi-crypto data
2025-05-06 10:43:24,617 - INFO - Loading files: ['1000CATUSDT.csv', '1000CHEEMSUSDT.csv', '1000SATSUSDT.csv', '1INCHDOWNUSDT.csv', '1INCHUPUSDT.csv', '1INCHUSDT.csv', '1MBABYDOGEUSDT.csv', 'A8USDT.csv', 'AAVEDOWNUSDT.csv', 'AAVEUPUSDT.csv', 'AAVEUSDT.csv', 'ACAUSDT.csv', 'ACEUSDT.csv', 'ACHUSDT.csv', 'ACMUSDT.csv', 'ACTUSDT.csv', 'ACXUSDT.csv', 'ADADOWNUSDT.csv', 'ADAUPUSDT.csv', 'BTCUSDT.csv']
2025-05-06 10:43:30,030 - INFO - [INFO] Loaded data shape: (360777, 7)
2025-05-06 10:43:30,032 - INFO - [STEP 2] Normalizing timestamps
2025-05-06 10:43:30,312 - INFO - Aggrego i dati a daily...
2025-05-06 10:44:51,406 - INFO - [STEP 1] Loading multi-crypto data
2025-05-06 10:44:51,437 - INFO - Loading files: ['1000CATUSDT.csv', '1000CHEEMSUSDT.csv', '1000SATSUSDT.csv', '1INCHDOWNUSDT.csv', '1INCHUPUSDT.csv', '1INCHUSDT.csv', '1MBABYDOGEUSDT.csv', 'A8USDT.csv', 'AAVEDOWNUSDT.csv', 'AAVEUPUSDT.csv', 'AAVEUSDT.csv', 'ACAUSDT.csv', 'ACEUSDT.csv', 'ACHUSDT.csv', 'ACMUSDT.csv', 'ACTUSDT.csv', 'ACXUSDT.csv', 'ADADOWNUSDT.csv', 'ADAUPUSDT.csv', 'BTCUSDT.csv']
2025-05-06 10:44:54,097 - INFO - [INFO] Loaded data shape: (360777, 7)
2025-05-06 10:44:54,104 - INFO - [STEP 2] Normalizing timestamps
2025-05-06 10:44:54,384 - INFO - Aggrego i dati a daily...
2025-05-06 10:44:55,219 - INFO - [STEP 3] Feature engineering
2025-05-06 10:44:55,276 - ERROR - Error in main execution: build_features() got an unexpected keyword argument 'use_ema'
2025-05-06 10:47:24,185 - INFO - [STEP 1] Loading multi-crypto data
2025-05-06 10:47:24,234 - INFO - Loading files: ['1000CATUSDT.csv', '1000CHEEMSUSDT.csv', '1000SATSUSDT.csv', '1INCHDOWNUSDT.csv', '1INCHUPUSDT.csv', '1INCHUSDT.csv', '1MBABYDOGEUSDT.csv', 'A8USDT.csv', 'AAVEDOWNUSDT.csv', 'AAVEUPUSDT.csv', 'AAVEUSDT.csv', 'ACAUSDT.csv', 'ACEUSDT.csv', 'ACHUSDT.csv', 'ACMUSDT.csv', 'ACTUSDT.csv', 'ACXUSDT.csv', 'ADADOWNUSDT.csv', 'ADAUPUSDT.csv', 'BTCUSDT.csv']
2025-05-06 10:47:27,071 - INFO - [INFO] Loaded data shape: (360777, 7)
2025-05-06 10:47:27,082 - INFO - [STEP 2] Normalizing timestamps
2025-05-06 10:47:27,443 - INFO - Aggrego i dati a daily...
2025-05-06 10:47:28,475 - INFO - [STEP 3] Feature engineering
2025-05-06 10:47:34,884 - INFO - [STEP 4] Label generation
2025-05-06 10:47:34,942 - INFO - [STEP 5] Feature scaling
2025-05-06 10:47:35,096 - INFO - [STEP 6] Reconstructing scaled DataFrame
2025-05-06 10:47:35,111 - INFO - [STEP 7] Train/test split
2025-05-06 10:47:35,135 - INFO - Train shape: (6716, 77), Test shape: (2309, 77)
2025-05-06 10:49:38,273 - INFO - Starting XGBoost GridSearchCV...
2025-05-06 10:49:53,363 - INFO - Best parameters: {'learning_rate': 0.1, 'max_depth': 3, 'n_estimators': 100, 'subsample': 1.0}
2025-05-06 10:49:53,367 - INFO - Feature selection: uso feature già salvate (20 feature)
2025-05-06 10:49:53,370 - ERROR - Error in main execution: "['Close', 'hlc3', 'BB_upper', 'bb3_high', 'Close_lag_24', 'EMA_21', 'RSI_MA21', 'd', 'SMA_7', 'Stoch_RSI_MA21', 'Volume', 'Close_lag_2', 'EMA_50', 'EMA_30', 'SMA_30', 'ATR_14', 'EMA_200', 'tci'] not in index"
2025-05-06 10:52:17,332 - INFO - [STEP 1] Loading multi-crypto data
2025-05-06 10:52:17,360 - INFO - Loading files: ['1000CATUSDT.csv', '1000CHEEMSUSDT.csv', '1000SATSUSDT.csv', '1INCHDOWNUSDT.csv', '1INCHUPUSDT.csv', '1INCHUSDT.csv', '1MBABYDOGEUSDT.csv', 'A8USDT.csv', 'AAVEDOWNUSDT.csv', 'AAVEUPUSDT.csv', 'AAVEUSDT.csv', 'ACAUSDT.csv', 'ACEUSDT.csv', 'ACHUSDT.csv', 'ACMUSDT.csv', 'ACTUSDT.csv', 'ACXUSDT.csv', 'ADADOWNUSDT.csv', 'ADAUPUSDT.csv', 'BTCUSDT.csv']
2025-05-06 10:52:20,419 - INFO - [INFO] Loaded data shape: (360777, 7)
2025-05-06 10:52:20,421 - INFO - [STEP 2] Normalizing timestamps
2025-05-06 10:52:20,732 - INFO - Aggrego i dati a daily...
2025-05-06 10:52:21,603 - INFO - [STEP 3] Feature engineering
2025-05-06 10:52:27,381 - INFO - [STEP 4] Label generation
2025-05-06 10:52:27,477 - INFO - [STEP 5] Feature scaling
2025-05-06 10:52:27,623 - INFO - [STEP 6] Reconstructing scaled DataFrame
2025-05-06 10:52:27,645 - INFO - [STEP 7] Train/test split
2025-05-06 10:52:27,671 - INFO - Train shape: (6716, 77), Test shape: (2309, 77)
2025-05-06 10:53:07,792 - INFO - Starting XGBoost GridSearchCV...
2025-05-06 10:53:22,342 - INFO - Best parameters: {'learning_rate': 0.1, 'max_depth': 3, 'n_estimators': 100, 'subsample': 1.0}
2025-05-06 10:53:22,345 - INFO - Feature selection: calcolo le top 6 feature con XGBoost...
2025-05-06 10:53:22,356 - INFO - Retrain Logistic Regression sulle feature selezionate...
2025-05-06 10:53:22,450 - INFO - 
Logistic Regression Metrics:
2025-05-06 10:53:22,455 - INFO - Accuracy: 0.5041
2025-05-06 10:53:22,462 - INFO - F1 Score: 0.3140
2025-05-06 10:53:22,468 - INFO - ROC AUC: 0.5073
2025-05-06 10:53:22,476 - INFO - Retrain Random Forest sulle feature selezionate...
2025-05-06 10:53:22,479 - INFO - Starting Random Forest GridSearchCV...
2025-05-06 10:53:42,884 - INFO - Best parameters: {'max_depth': 10, 'min_samples_leaf': 1, 'min_samples_split': 2, 'n_estimators': 100}
2025-05-06 10:53:43,430 - INFO - 
Random Forest Metrics:
2025-05-06 10:53:43,439 - INFO - Accuracy: 0.5197
2025-05-06 10:53:43,446 - INFO - F1 Score: 0.4379
2025-05-06 10:53:43,451 - INFO - ROC AUC: 0.5298
2025-05-06 10:53:43,462 - INFO - Retrain XGBoost sulle feature selezionate...
2025-05-06 10:53:43,475 - INFO - Starting XGBoost GridSearchCV...
2025-05-06 10:53:44,911 - INFO - Best parameters: {'learning_rate': 0.1, 'max_depth': 3, 'n_estimators': 100, 'subsample': 1.0}
2025-05-06 10:53:45,010 - INFO - 
XGBoost Metrics:
2025-05-06 10:53:45,012 - INFO - Accuracy: 0.5232
2025-05-06 10:53:45,012 - INFO - F1 Score: 0.4498
2025-05-06 10:53:45,013 - INFO - ROC AUC: 0.5345
2025-05-06 10:53:50,690 - INFO - Day 7 completed successfully!
2025-05-06 10:54:55,907 - INFO - [STEP 1] Loading multi-crypto data
2025-05-06 10:54:55,942 - INFO - Loading files: ['1000CATUSDT.csv', '1000CHEEMSUSDT.csv', '1000SATSUSDT.csv', '1INCHDOWNUSDT.csv', '1INCHUPUSDT.csv', '1INCHUSDT.csv', '1MBABYDOGEUSDT.csv', 'A8USDT.csv', 'AAVEDOWNUSDT.csv', 'AAVEUPUSDT.csv', 'AAVEUSDT.csv', 'ACAUSDT.csv', 'ACEUSDT.csv', 'ACHUSDT.csv', 'ACMUSDT.csv', 'ACTUSDT.csv', 'ACXUSDT.csv', 'ADADOWNUSDT.csv', 'ADAUPUSDT.csv', 'ADAUSDT.csv', 'ADXUSDT.csv', 'AERGOUSDT.csv', 'AEROUSDT.csv', 'AEURUSDT.csv', 'AEVOUSDT.csv', 'AGIUSDT.csv', 'AGIXUSDT.csv', 'AGLDUSDT.csv', 'AI16ZUSDT.csv', 'BTCUSDT.csv']
2025-05-06 10:55:01,143 - INFO - [INFO] Loaded data shape: (534063, 7)
2025-05-06 10:55:01,144 - INFO - [STEP 2] Normalizing timestamps
2025-05-06 10:55:01,618 - INFO - Aggrego i dati a daily...
2025-05-06 10:55:02,825 - INFO - [STEP 3] Feature engineering
2025-05-06 10:55:11,944 - INFO - [STEP 4] Label generation
2025-05-06 10:55:12,057 - INFO - [STEP 5] Feature scaling
2025-05-06 10:55:12,268 - INFO - [STEP 6] Reconstructing scaled DataFrame
2025-05-06 10:55:12,291 - INFO - [STEP 7] Train/test split
2025-05-06 10:55:12,338 - INFO - Train shape: (11030, 77), Test shape: (2309, 77)
2025-05-06 10:56:19,137 - INFO - Starting XGBoost GridSearchCV...
2025-05-06 10:56:30,665 - INFO - Best parameters: {'learning_rate': 0.1, 'max_depth': 5, 'n_estimators': 100, 'subsample': 1.0}
2025-05-06 10:56:30,668 - INFO - Feature selection: uso feature già salvate (6 feature)
2025-05-06 10:56:30,670 - ERROR - Error in main execution: "['RSI', 'RSI_14'] not in index"
2025-05-06 10:58:12,494 - INFO - [STEP 1] Loading multi-crypto data
2025-05-06 10:58:12,539 - INFO - Loading files: ['1000CATUSDT.csv', '1000CHEEMSUSDT.csv', '1000SATSUSDT.csv', '1INCHDOWNUSDT.csv', '1INCHUPUSDT.csv', '1INCHUSDT.csv', '1MBABYDOGEUSDT.csv', 'A8USDT.csv', 'AAVEDOWNUSDT.csv', 'AAVEUPUSDT.csv', 'AAVEUSDT.csv', 'ACAUSDT.csv', 'ACEUSDT.csv', 'ACHUSDT.csv', 'ACMUSDT.csv', 'ACTUSDT.csv', 'ACXUSDT.csv', 'ADADOWNUSDT.csv', 'ADAUPUSDT.csv', 'ADAUSDT.csv', 'ADXUSDT.csv', 'AERGOUSDT.csv', 'AEROUSDT.csv', 'AEURUSDT.csv', 'AEVOUSDT.csv', 'AGIUSDT.csv', 'AGIXUSDT.csv', 'AGLDUSDT.csv', 'AI16ZUSDT.csv', 'BTCUSDT.csv']
2025-05-06 10:58:16,750 - INFO - [INFO] Loaded data shape: (534063, 7)
2025-05-06 10:58:16,750 - INFO - [STEP 2] Normalizing timestamps
2025-05-06 10:58:17,126 - INFO - Aggrego i dati a daily...
2025-05-06 10:58:18,332 - INFO - [STEP 3] Feature engineering
2025-05-06 10:58:27,455 - INFO - [STEP 4] Label generation
2025-05-06 10:58:27,527 - INFO - [STEP 5] Feature scaling
2025-05-06 10:58:27,682 - INFO - [STEP 6] Reconstructing scaled DataFrame
2025-05-06 10:58:27,703 - INFO - [STEP 7] Train/test split
2025-05-06 10:58:27,734 - INFO - Train shape: (11030, 77), Test shape: (2309, 77)
2025-05-06 10:59:41,679 - INFO - Starting XGBoost GridSearchCV...
2025-05-06 10:59:59,147 - INFO - Best parameters: {'learning_rate': 0.1, 'max_depth': 5, 'n_estimators': 100, 'subsample': 1.0}
2025-05-06 10:59:59,149 - INFO - Feature selection: calcolo le top 20 feature con XGBoost...
2025-05-06 10:59:59,159 - INFO - Retrain Logistic Regression sulle feature selezionate...
2025-05-06 10:59:59,311 - INFO - 
Logistic Regression Metrics:
2025-05-06 10:59:59,313 - INFO - Accuracy: 0.5249
2025-05-06 10:59:59,315 - INFO - F1 Score: 0.4891
2025-05-06 10:59:59,317 - INFO - ROC AUC: 0.5275
2025-05-06 10:59:59,319 - INFO - Retrain Random Forest sulle feature selezionate...
2025-05-06 10:59:59,321 - INFO - Starting Random Forest GridSearchCV...
2025-05-06 11:00:21,817 - INFO - Best parameters: {'max_depth': None, 'min_samples_leaf': 1, 'min_samples_split': 2, 'n_estimators': 100}
2025-05-06 11:00:22,232 - INFO - 
Random Forest Metrics:
2025-05-06 11:00:22,236 - INFO - Accuracy: 0.5292
2025-05-06 11:00:22,239 - INFO - F1 Score: 0.5197
2025-05-06 11:00:22,241 - INFO - ROC AUC: 0.5315
2025-05-06 11:00:22,245 - INFO - Retrain XGBoost sulle feature selezionate...
2025-05-06 11:00:22,260 - INFO - Starting XGBoost GridSearchCV...
2025-05-06 11:00:25,443 - INFO - Best parameters: {'learning_rate': 0.1, 'max_depth': 5, 'n_estimators': 100, 'subsample': 1.0}
2025-05-06 11:00:25,520 - INFO - 
XGBoost Metrics:
2025-05-06 11:00:25,521 - INFO - Accuracy: 0.5297
2025-05-06 11:00:25,522 - INFO - F1 Score: 0.3980
2025-05-06 11:00:25,522 - INFO - ROC AUC: 0.5391
2025-05-06 11:00:29,105 - WARNING - Random Forest did not meet improvement thresholds!
2025-05-06 11:00:29,105 - WARNING - Delta Accuracy: 0.0043, Delta ROC AUC: 0.0040
2025-05-06 11:00:29,110 - WARNING - XGBoost did not meet improvement thresholds!
2025-05-06 11:00:29,111 - WARNING - Delta Accuracy: 0.0048, Delta ROC AUC: 0.0116
2025-05-06 11:00:29,115 - INFO - Day 7 completed successfully!
2025-05-06 11:10:41,341 - INFO - [STEP 1] Loading multi-crypto data
2025-05-06 11:10:41,372 - INFO - Loading files: ['1000CATUSDT.csv', '1000CHEEMSUSDT.csv', '1000SATSUSDT.csv', '1INCHDOWNUSDT.csv', '1INCHUPUSDT.csv', '1INCHUSDT.csv', '1MBABYDOGEUSDT.csv', 'A8USDT.csv', 'AAVEDOWNUSDT.csv', 'AAVEUPUSDT.csv', 'AAVEUSDT.csv', 'ACAUSDT.csv', 'ACEUSDT.csv', 'ACHUSDT.csv', 'ACMUSDT.csv', 'ACTUSDT.csv', 'ACXUSDT.csv', 'ADADOWNUSDT.csv', 'ADAUPUSDT.csv', 'ADAUSDT.csv', 'ADXUSDT.csv', 'AERGOUSDT.csv', 'AEROUSDT.csv', 'AEURUSDT.csv', 'AEVOUSDT.csv', 'AGIUSDT.csv', 'AGIXUSDT.csv', 'AGLDUSDT.csv', 'AI16ZUSDT.csv', 'BTCUSDT.csv']
2025-05-06 11:10:45,521 - INFO - [INFO] Loaded data shape: (534063, 7)
2025-05-06 11:10:45,524 - INFO - [STEP 2] Normalizing timestamps
2025-05-06 11:10:45,921 - INFO - Aggrego i dati a daily...
2025-05-06 11:10:47,298 - INFO - [STEP 3] Feature engineering
2025-05-06 11:10:57,938 - INFO - [STEP 4] Label generation
2025-05-06 11:10:58,054 - INFO - [STEP 5] Feature scaling
2025-05-06 11:10:58,236 - INFO - [STEP 6] Reconstructing scaled DataFrame
2025-05-06 11:10:58,266 - INFO - [STEP 7] Train/test split
2025-05-06 11:10:58,302 - INFO - Train shape: (11030, 77), Test shape: (2309, 77)
2025-05-06 11:12:06,121 - INFO - Starting XGBoost GridSearchCV...
2025-05-06 11:12:17,144 - ERROR - Error in main execution: 
All the 6 fits failed.
It is very likely that your model is misconfigured.
You can try to debug the error by setting error_score='raise'.

Below are more details about the failures:
--------------------------------------------------------------------------------
6 fits failed with the following error:
Traceback (most recent call last):
  File "C:\GitHub\crypto-prediction-project\.venv\lib\site-packages\sklearn\model_selection\_validation.py", line 866, in _fit_and_score
    estimator.fit(X_train, y_train, **fit_params)
  File "C:\GitHub\crypto-prediction-project\.venv\lib\site-packages\xgboost\core.py", line 726, in inner_f
    return func(**kwargs)
  File "C:\GitHub\crypto-prediction-project\.venv\lib\site-packages\xgboost\sklearn.py", line 1559, in fit
    raise ValueError(
ValueError: Invalid classes inferred from unique values of `y`.  Expected: [0 1 2], got [-1  0  1]

2025-05-06 11:14:30,349 - INFO - [STEP 1] Loading multi-crypto data
2025-05-06 11:14:30,393 - INFO - Loading files: ['1000CATUSDT.csv', '1000CHEEMSUSDT.csv', '1000SATSUSDT.csv', '1INCHDOWNUSDT.csv', '1INCHUPUSDT.csv', '1INCHUSDT.csv', '1MBABYDOGEUSDT.csv', 'A8USDT.csv', 'AAVEDOWNUSDT.csv', 'AAVEUPUSDT.csv', 'AAVEUSDT.csv', 'ACAUSDT.csv', 'ACEUSDT.csv', 'ACHUSDT.csv', 'ACMUSDT.csv', 'ACTUSDT.csv', 'ACXUSDT.csv', 'ADADOWNUSDT.csv', 'ADAUPUSDT.csv', 'ADAUSDT.csv', 'ADXUSDT.csv', 'AERGOUSDT.csv', 'AEROUSDT.csv', 'AEURUSDT.csv', 'AEVOUSDT.csv', 'AGIUSDT.csv', 'AGIXUSDT.csv', 'AGLDUSDT.csv', 'AI16ZUSDT.csv', 'BTCUSDT.csv']
2025-05-06 11:14:34,606 - INFO - [INFO] Loaded data shape: (534063, 7)
2025-05-06 11:14:34,608 - INFO - [STEP 2] Normalizing timestamps
2025-05-06 11:14:35,019 - INFO - Aggrego i dati a daily...
2025-05-06 11:14:36,209 - INFO - [STEP 3] Feature engineering
2025-05-06 11:14:45,153 - INFO - [STEP 4] Label generation
2025-05-06 11:14:45,240 - INFO - [STEP 5] Feature scaling
2025-05-06 11:14:45,408 - INFO - [STEP 6] Reconstructing scaled DataFrame
2025-05-06 11:14:45,426 - INFO - [STEP 7] Train/test split
2025-05-06 11:14:45,456 - INFO - Train shape: (11030, 77), Test shape: (2309, 77)
2025-05-06 11:15:38,653 - INFO - Starting XGBoost GridSearchCV...
2025-05-06 11:15:59,738 - INFO - Best parameters: {'learning_rate': 0.1, 'max_depth': 3, 'n_estimators': 100, 'subsample': 1.0}
2025-05-06 11:15:59,740 - INFO - Feature selection: calcolo le top 20 feature con XGBoost...
2025-05-06 11:15:59,751 - INFO - Retrain Logistic Regression sulle feature selezionate...
2025-05-06 11:16:00,532 - INFO - 
Logistic Regression Metrics:
2025-05-06 11:16:00,534 - INFO - Accuracy: 0.0883
2025-05-06 11:16:00,536 - INFO - F1 Macro: 0.1016
2025-05-06 11:16:00,536 - INFO - F1 Weighted: 0.0458
2025-05-06 11:16:00,536 - INFO - 
Classification Report:
              precision    recall  f1-score   support

           0      0.068     0.661     0.123       165
           1      0.867     0.014     0.027      1923
           2      0.103     0.312     0.155       221

    accuracy                          0.088      2309
   macro avg      0.346     0.329     0.102      2309
weighted avg      0.737     0.088     0.046      2309

2025-05-06 11:16:00,538 - INFO - Retrain Random Forest sulle feature selezionate...
2025-05-06 11:16:00,541 - INFO - Starting Random Forest GridSearchCV...
2025-05-06 11:16:21,126 - INFO - Best parameters: {'max_depth': 10, 'min_samples_leaf': 1, 'min_samples_split': 2, 'n_estimators': 100}
2025-05-06 11:16:21,370 - INFO - 
Random Forest Metrics:
2025-05-06 11:16:21,372 - INFO - Accuracy: 0.7588
2025-05-06 11:16:21,386 - INFO - F1 Macro: 0.3669
2025-05-06 11:16:21,398 - INFO - F1 Weighted: 0.7420
2025-05-06 11:16:21,400 - INFO - 
Classification Report:
              precision    recall  f1-score   support

           0      0.118     0.121     0.119       165
           1      0.846     0.891     0.868      1923
           2      0.168     0.086     0.114       221

    accuracy                          0.759      2309
   macro avg      0.377     0.366     0.367      2309
weighted avg      0.729     0.759     0.742      2309

2025-05-06 11:16:21,406 - INFO - Retrain XGBoost sulle feature selezionate...
2025-05-06 11:16:21,407 - INFO - Starting XGBoost GridSearchCV...
2025-05-06 11:16:29,447 - INFO - Best parameters: {'learning_rate': 0.1, 'max_depth': 3, 'n_estimators': 100, 'subsample': 1.0}
2025-05-06 11:16:29,547 - INFO - 
XGBoost Metrics:
2025-05-06 11:16:29,549 - INFO - Accuracy: 0.8146
2025-05-06 11:16:29,549 - INFO - F1 Macro: 0.3413
2025-05-06 11:16:29,549 - INFO - F1 Weighted: 0.7595
2025-05-06 11:16:29,551 - INFO - 
Classification Report:
              precision    recall  f1-score   support

           0      0.143     0.030     0.050       165
           1      0.838     0.970     0.899      1923
           2      0.217     0.045     0.075       221

    accuracy                          0.815      2309
   macro avg      0.399     0.349     0.341      2309
weighted avg      0.729     0.815     0.760      2309

2025-05-06 11:16:30,177 - ERROR - Error in main execution: 'y_proba'
2025-05-06 11:21:16,520 - INFO - [STEP 1] Loading multi-crypto data
2025-05-06 11:21:16,546 - INFO - Loading files: ['1000CATUSDT.csv', '1000CHEEMSUSDT.csv', '1000SATSUSDT.csv', '1INCHDOWNUSDT.csv', '1INCHUPUSDT.csv', '1INCHUSDT.csv', '1MBABYDOGEUSDT.csv', 'A8USDT.csv', 'AAVEDOWNUSDT.csv', 'AAVEUPUSDT.csv', 'AAVEUSDT.csv', 'ACAUSDT.csv', 'ACEUSDT.csv', 'ACHUSDT.csv', 'ACMUSDT.csv', 'ACTUSDT.csv', 'ACXUSDT.csv', 'ADADOWNUSDT.csv', 'ADAUPUSDT.csv', 'ADAUSDT.csv', 'ADXUSDT.csv', 'AERGOUSDT.csv', 'AEROUSDT.csv', 'AEURUSDT.csv', 'AEVOUSDT.csv', 'AGIUSDT.csv', 'AGIXUSDT.csv', 'AGLDUSDT.csv', 'AI16ZUSDT.csv', 'BTCUSDT.csv']
2025-05-06 11:21:21,302 - INFO - [INFO] Loaded data shape: (534063, 7)
2025-05-06 11:21:21,302 - INFO - [STEP 2] Normalizing timestamps
2025-05-06 11:21:21,685 - INFO - Aggrego i dati a daily...
2025-05-06 11:21:23,301 - INFO - [STEP 3] Feature engineering
2025-05-06 11:21:35,188 - INFO - [STEP 4] Label generation
2025-05-06 11:21:35,279 - INFO - [STEP 5] Feature scaling
2025-05-06 11:21:35,485 - INFO - [STEP 6] Reconstructing scaled DataFrame
2025-05-06 11:21:35,505 - INFO - [STEP 7] Train/test split
2025-05-06 11:21:35,536 - INFO - Train shape: (11030, 77), Test shape: (2309, 77)
2025-05-06 11:25:50,545 - INFO - [STEP 1] Loading multi-crypto data
2025-05-06 11:25:50,589 - INFO - Loading files: ['1000CATUSDT.csv', '1000CHEEMSUSDT.csv', '1000SATSUSDT.csv', '1INCHDOWNUSDT.csv', '1INCHUPUSDT.csv', '1INCHUSDT.csv', '1MBABYDOGEUSDT.csv', 'A8USDT.csv', 'AAVEDOWNUSDT.csv', 'AAVEUPUSDT.csv', 'AAVEUSDT.csv', 'ACAUSDT.csv', 'ACEUSDT.csv', 'ACHUSDT.csv', 'ACMUSDT.csv', 'ACTUSDT.csv', 'ACXUSDT.csv', 'ADADOWNUSDT.csv', 'ADAUPUSDT.csv', 'ADAUSDT.csv', 'ADXUSDT.csv', 'AERGOUSDT.csv', 'AEROUSDT.csv', 'AEURUSDT.csv', 'AEVOUSDT.csv', 'AGIUSDT.csv', 'AGIXUSDT.csv', 'AGLDUSDT.csv', 'AI16ZUSDT.csv', 'BTCUSDT.csv']
2025-05-06 11:25:56,068 - INFO - [INFO] Loaded data shape: (534063, 7)
2025-05-06 11:25:56,074 - INFO - [STEP 2] Normalizing timestamps
2025-05-06 11:25:56,535 - INFO - Aggrego i dati a daily...
2025-05-06 11:25:58,016 - INFO - [STEP 3] Feature engineering
2025-05-06 11:26:12,976 - INFO - [STEP 4] Label generation
2025-05-06 11:26:13,152 - INFO - Distribuzione classi:
label
1    0.425894
0    0.287578
2    0.286528
Name: proportion, dtype: float64
2025-05-06 11:26:13,154 - INFO - [STEP 5] Feature scaling
2025-05-06 11:26:13,385 - INFO - [STEP 6] Reconstructing scaled DataFrame
2025-05-06 11:26:13,420 - INFO - [STEP 7] Train/test split
2025-05-06 11:26:13,482 - INFO - Train shape: (11030, 77), Test shape: (2309, 77)
2025-05-06 11:27:29,344 - INFO - Starting XGBoost GridSearchCV...
2025-05-06 11:27:57,465 - INFO - Best parameters: {'learning_rate': 0.1, 'max_depth': 5, 'n_estimators': 100, 'subsample': 1.0}
2025-05-06 11:27:57,467 - INFO - Feature selection: calcolo le top 20 feature con XGBoost...
2025-05-06 11:27:57,480 - INFO - Retrain Logistic Regression sulle feature selezionate...
2025-05-06 11:27:58,298 - ERROR - Error in main execution: name 'confusion_matrix' is not defined
2025-05-06 11:36:43,996 - INFO - [STEP 1] Loading multi-crypto data
2025-05-06 11:36:44,053 - INFO - Loading files: ['1000CATUSDT.csv', '1000CHEEMSUSDT.csv', '1000SATSUSDT.csv', '1INCHDOWNUSDT.csv', '1INCHUPUSDT.csv', '1INCHUSDT.csv', '1MBABYDOGEUSDT.csv', 'A8USDT.csv', 'AAVEDOWNUSDT.csv', 'AAVEUPUSDT.csv', 'AAVEUSDT.csv', 'ACAUSDT.csv', 'ACEUSDT.csv', 'ACHUSDT.csv', 'ACMUSDT.csv', 'ACTUSDT.csv', 'ACXUSDT.csv', 'ADADOWNUSDT.csv', 'ADAUPUSDT.csv', 'ADAUSDT.csv', 'ADXUSDT.csv', 'AERGOUSDT.csv', 'AEROUSDT.csv', 'AEURUSDT.csv', 'AEVOUSDT.csv', 'AGIUSDT.csv', 'AGIXUSDT.csv', 'AGLDUSDT.csv', 'AI16ZUSDT.csv', 'BTCUSDT.csv']
2025-05-06 11:36:53,754 - INFO - [INFO] Loaded data shape: (534063, 7)
2025-05-06 11:36:53,756 - INFO - [STEP 2] Normalizing timestamps
2025-05-06 11:36:54,657 - INFO - Aggrego i dati a daily...
2025-05-06 11:36:57,632 - INFO - [STEP 3] Feature engineering
2025-05-06 11:37:10,466 - INFO - [STEP 4] Label generation
2025-05-06 11:37:10,666 - INFO - Distribuzione classi:
label
1    0.425894
0    0.287578
2    0.286528
Name: proportion, dtype: float64
2025-05-06 11:37:10,669 - INFO - [STEP 5] Feature scaling
2025-05-06 11:37:11,043 - INFO - [STEP 6] Reconstructing scaled DataFrame
2025-05-06 11:37:11,084 - INFO - [STEP 7] Train/test split
2025-05-06 11:37:11,220 - INFO - Train shape: (11030, 77), Test shape: (2309, 77)
2025-05-06 11:39:19,878 - INFO - Starting XGBoost GridSearchCV...
2025-05-06 11:40:05,038 - INFO - Best parameters: {'learning_rate': 0.1, 'max_depth': 5, 'n_estimators': 100, 'subsample': 1.0}
2025-05-06 11:40:05,044 - INFO - Feature selection: calcolo le top 20 feature con XGBoost...
2025-05-06 11:40:05,091 - INFO - Retrain Logistic Regression sulle feature selezionate...
2025-05-06 11:40:07,346 - ERROR - Error in main execution: name 'confusion_matrix' is not defined
2025-05-06 11:41:55,968 - INFO - [STEP 1] Loading multi-crypto data
2025-05-06 11:41:56,045 - INFO - Loading files: ['1000CATUSDT.csv', '1000CHEEMSUSDT.csv', '1000SATSUSDT.csv', '1INCHDOWNUSDT.csv', '1INCHUPUSDT.csv', '1INCHUSDT.csv', '1MBABYDOGEUSDT.csv', 'A8USDT.csv', 'AAVEDOWNUSDT.csv', 'AAVEUPUSDT.csv', 'AAVEUSDT.csv', 'ACAUSDT.csv', 'ACEUSDT.csv', 'ACHUSDT.csv', 'ACMUSDT.csv', 'ACTUSDT.csv', 'ACXUSDT.csv', 'ADADOWNUSDT.csv', 'ADAUPUSDT.csv', 'ADAUSDT.csv', 'ADXUSDT.csv', 'AERGOUSDT.csv', 'AEROUSDT.csv', 'AEURUSDT.csv', 'AEVOUSDT.csv', 'AGIUSDT.csv', 'AGIXUSDT.csv', 'AGLDUSDT.csv', 'AI16ZUSDT.csv', 'BTCUSDT.csv']
2025-05-06 11:42:11,593 - INFO - [INFO] Loaded data shape: (534063, 7)
2025-05-06 11:42:11,598 - INFO - [STEP 2] Normalizing timestamps
2025-05-06 11:42:12,216 - INFO - Aggrego i dati a daily...
2025-05-06 11:42:14,626 - INFO - [STEP 3] Feature engineering
2025-05-06 11:42:33,850 - INFO - [STEP 4] Label generation
2025-05-06 11:42:34,122 - INFO - Distribuzione classi:
label
1    0.425894
0    0.287578
2    0.286528
Name: proportion, dtype: float64
2025-05-06 11:42:34,147 - INFO - [STEP 5] Feature scaling
2025-05-06 11:42:34,634 - INFO - [STEP 6] Reconstructing scaled DataFrame
2025-05-06 11:42:34,689 - INFO - [STEP 7] Train/test split
2025-05-06 11:42:34,742 - INFO - Train shape: (11030, 77), Test shape: (2309, 77)
2025-05-06 11:44:42,624 - INFO - Starting XGBoost GridSearchCV...
2025-05-06 11:45:31,365 - INFO - Best parameters: {'learning_rate': 0.1, 'max_depth': 5, 'n_estimators': 100, 'subsample': 1.0}
2025-05-06 11:45:31,368 - INFO - Feature selection: calcolo le top 20 feature con XGBoost...
2025-05-06 11:45:31,381 - INFO - Retrain Logistic Regression sulle feature selezionate...
2025-05-06 11:45:32,826 - INFO - 
Logistic Regression Metrics:
2025-05-06 11:45:32,830 - INFO - Accuracy: 0.2070
2025-05-06 11:45:32,832 - INFO - F1 Macro: 0.1983
2025-05-06 11:45:32,833 - INFO - F1 Weighted: 0.1210
2025-05-06 11:45:32,834 - INFO - 
Classification Report:
              precision    recall  f1-score   support

           0      0.185     0.661     0.289       422
           1      1.000     0.002     0.004      1385
           2      0.246     0.390     0.302       502

    accuracy                          0.207      2309
   macro avg      0.477     0.351     0.198      2309
weighted avg      0.687     0.207     0.121      2309

2025-05-06 11:45:32,837 - INFO - Retrain Random Forest sulle feature selezionate...
2025-05-06 11:45:32,838 - INFO - Starting Random Forest GridSearchCV...
2025-05-06 11:46:27,521 - INFO - Best parameters: {'max_depth': None, 'min_samples_leaf': 1, 'min_samples_split': 2, 'n_estimators': 100}
2025-05-06 11:46:27,933 - INFO - 
Random Forest Metrics:
2025-05-06 11:46:27,935 - INFO - Accuracy: 0.3166
2025-05-06 11:46:27,936 - INFO - F1 Macro: 0.2873
2025-05-06 11:46:27,937 - INFO - F1 Weighted: 0.3359
2025-05-06 11:46:27,938 - INFO - 
Classification Report:
              precision    recall  f1-score   support

           0      0.169     0.512     0.254       422
           1      0.591     0.316     0.411      1385
           2      0.265     0.155     0.196       502

    accuracy                          0.317      2309
   macro avg      0.342     0.328     0.287      2309
weighted avg      0.443     0.317     0.336      2309

2025-05-06 11:46:27,939 - INFO - Retrain XGBoost sulle feature selezionate...
2025-05-06 11:46:27,940 - INFO - Starting XGBoost GridSearchCV...
2025-05-06 11:46:42,331 - INFO - Best parameters: {'learning_rate': 0.1, 'max_depth': 5, 'n_estimators': 100, 'subsample': 1.0}
2025-05-06 11:46:42,549 - INFO - 
XGBoost Metrics:
2025-05-06 11:46:42,551 - INFO - Accuracy: 0.4392
2025-05-06 11:46:42,553 - INFO - F1 Macro: 0.3490
2025-05-06 11:46:42,554 - INFO - F1 Weighted: 0.4449
2025-05-06 11:46:42,559 - INFO - 
Classification Report:
              precision    recall  f1-score   support

           0      0.190     0.370     0.251       422
           1      0.618     0.566     0.591      1385
           2      0.333     0.147     0.204       502

    accuracy                          0.439      2309
   macro avg      0.381     0.361     0.349      2309
weighted avg      0.478     0.439     0.445      2309

2025-05-06 11:46:50,252 - INFO - Day 7 completed successfully!
2025-05-06 11:54:01,463 - INFO - [STEP 1] Loading multi-crypto data
2025-05-06 11:54:01,529 - INFO - Loading files: ['1000CATUSDT.csv', '1000CHEEMSUSDT.csv', '1000SATSUSDT.csv', '1INCHDOWNUSDT.csv', '1INCHUPUSDT.csv', '1INCHUSDT.csv', '1MBABYDOGEUSDT.csv', 'A8USDT.csv', 'AAVEDOWNUSDT.csv', 'AAVEUPUSDT.csv', 'AAVEUSDT.csv', 'ACAUSDT.csv', 'ACEUSDT.csv', 'ACHUSDT.csv', 'ACMUSDT.csv', 'ACTUSDT.csv', 'ACXUSDT.csv', 'ADADOWNUSDT.csv', 'ADAUPUSDT.csv', 'ADAUSDT.csv', 'ADXUSDT.csv', 'AERGOUSDT.csv', 'AEROUSDT.csv', 'AEURUSDT.csv', 'AEVOUSDT.csv', 'AGIUSDT.csv', 'AGIXUSDT.csv', 'AGLDUSDT.csv', 'AI16ZUSDT.csv', 'BTCUSDT.csv']
2025-05-06 11:54:17,559 - INFO - [INFO] Loaded data shape: (534063, 7)
2025-05-06 11:54:17,565 - INFO - [STEP 2] Normalizing timestamps
2025-05-06 11:54:18,797 - INFO - Aggrego i dati a daily...
2025-05-06 11:54:23,160 - INFO - [STEP 3] Feature engineering
2025-05-06 11:54:50,757 - INFO - [STEP 4] Label generation
2025-05-06 11:54:50,958 - INFO - Distribuzione classi:
label
1    0.425894
0    0.287578
2    0.286528
Name: proportion, dtype: float64
2025-05-06 11:54:50,959 - INFO - [STEP 5] Feature scaling
2025-05-06 11:54:51,527 - INFO - [STEP 6] Reconstructing scaled DataFrame
2025-05-06 11:54:51,588 - INFO - [STEP 7] Train/test split
2025-05-06 11:54:51,655 - INFO - Train shape: (11030, 77), Test shape: (2309, 77)
2025-05-06 11:56:23,772 - INFO - Starting XGBoost GridSearchCV...
2025-05-06 12:42:37,279 - INFO - Best parameters: {'colsample_bytree': 1.0, 'learning_rate': 0.05, 'max_depth': 10, 'n_estimators': 100, 'subsample': 1.0}
2025-05-06 12:42:37,287 - INFO - Feature selection: calcolo le top 20 feature con XGBoost...
2025-05-06 12:42:37,314 - INFO - Retrain XGBoost sulle feature selezionate...
2025-05-06 12:42:37,315 - INFO - Starting XGBoost GridSearchCV...
2025-05-06 13:17:53,738 - INFO - Best parameters: {'colsample_bytree': 0.8, 'learning_rate': 0.2, 'max_depth': 5, 'n_estimators': 200, 'subsample': 1.0}
2025-05-06 13:17:53,898 - INFO - 
XGBoost Metrics:
2025-05-06 13:17:53,903 - INFO - Accuracy: 0.4405
2025-05-06 13:17:53,910 - INFO - F1 Macro: 0.3639
2025-05-06 13:17:53,914 - INFO - F1 Weighted: 0.4515
2025-05-06 13:17:53,916 - INFO - 
Classification Report:
              precision    recall  f1-score   support

           0      0.197     0.370     0.257       422
           1      0.621     0.549     0.583      1385
           2      0.340     0.199     0.251       502

    accuracy                          0.440      2309
   macro avg      0.386     0.373     0.364      2309
weighted avg      0.483     0.440     0.451      2309

2025-05-06 13:17:55,715 - INFO - Day 7 completed successfully!
2025-05-06 16:24:39,943 - INFO - [STEP 1] Loading multi-crypto data
2025-05-06 16:24:40,005 - INFO - Loading files: ['1000CATUSDT.csv', '1000CHEEMSUSDT.csv', '1000SATSUSDT.csv', '1INCHDOWNUSDT.csv', '1INCHUPUSDT.csv', '1INCHUSDT.csv', '1MBABYDOGEUSDT.csv', 'A8USDT.csv', 'AAVEDOWNUSDT.csv', 'AAVEUPUSDT.csv', 'AAVEUSDT.csv', 'ACAUSDT.csv', 'ACEUSDT.csv', 'ACHUSDT.csv', 'ACMUSDT.csv', 'ACTUSDT.csv', 'ACXUSDT.csv', 'ADADOWNUSDT.csv', 'ADAUPUSDT.csv', 'ADAUSDT.csv', 'ADXUSDT.csv', 'AERGOUSDT.csv', 'AEROUSDT.csv', 'AEURUSDT.csv', 'AEVOUSDT.csv', 'AGIUSDT.csv', 'AGIXUSDT.csv', 'AGLDUSDT.csv', 'AI16ZUSDT.csv', 'BTCUSDT.csv']
2025-05-06 16:24:54,134 - INFO - [INFO] Loaded data shape: (534063, 7)
2025-05-06 16:24:54,140 - INFO - [STEP 2] Normalizing timestamps
2025-05-06 16:24:55,885 - INFO - Aggrego i dati a daily...
2025-05-06 16:25:01,352 - INFO - [STEP 3] Feature engineering
2025-05-06 16:26:20,372 - INFO - [STEP 4] Label generation
2025-05-06 16:26:20,545 - INFO - Distribuzione classi:
label
1    0.425894
0    0.287578
2    0.286528
Name: proportion, dtype: float64
2025-05-06 16:26:20,547 - INFO - [STEP 5] Feature scaling
2025-05-06 16:26:20,949 - INFO - [STEP 6] Reconstructing scaled DataFrame
2025-05-06 16:26:20,997 - INFO - [STEP 7] Train/test split
2025-05-06 16:26:21,052 - INFO - Train shape: (11030, 104), Test shape: (2309, 104)
2025-05-06 16:29:12,983 - INFO - Training XGBoost with best parameters (no GridSearch)...
2025-05-06 16:30:56,513 - INFO - Feature selection: calcolo le top 20 feature con XGBoost...
2025-05-06 16:30:56,548 - INFO - Retrain XGBoost sulle feature selezionate...
2025-05-06 16:30:56,550 - INFO - Training XGBoost with best parameters (no GridSearch)...
2025-05-06 16:33:34,688 - INFO - 
XGBoost Metrics:
2025-05-06 16:33:34,694 - INFO - Accuracy: 0.3828
2025-05-06 16:33:34,709 - INFO - F1 Macro: 0.3228
2025-05-06 16:33:34,732 - INFO - F1 Weighted: 0.3950
2025-05-06 16:33:34,780 - INFO - 
Classification Report:
              precision    recall  f1-score   support

           0      0.198     0.559     0.293       422
           1      0.630     0.427     0.509      1385
           2      0.315     0.114     0.167       502

    accuracy                          0.383      2309
   macro avg      0.381     0.367     0.323      2309
weighted avg      0.483     0.383     0.395      2309

2025-05-06 16:33:40,847 - INFO - Day 7 completed successfully!
2025-05-06 16:40:08,014 - INFO - [STEP 1] Loading multi-crypto data
2025-05-06 16:40:08,232 - INFO - Loading files: ['1000CATUSDT.csv', '1000CHEEMSUSDT.csv', '1000SATSUSDT.csv', '1INCHDOWNUSDT.csv', '1INCHUPUSDT.csv', '1INCHUSDT.csv', '1MBABYDOGEUSDT.csv', 'A8USDT.csv', 'AAVEDOWNUSDT.csv', 'AAVEUPUSDT.csv', 'AAVEUSDT.csv', 'ACAUSDT.csv', 'ACEUSDT.csv', 'ACHUSDT.csv', 'ACMUSDT.csv', 'ACTUSDT.csv', 'ACXUSDT.csv', 'ADADOWNUSDT.csv', 'ADAUPUSDT.csv', 'ADAUSDT.csv', 'ADXUSDT.csv', 'AERGOUSDT.csv', 'AEROUSDT.csv', 'AEURUSDT.csv', 'AEVOUSDT.csv', 'AGIUSDT.csv', 'AGIXUSDT.csv', 'AGLDUSDT.csv', 'AI16ZUSDT.csv', 'AIONUSDT.csv', 'AIOZUSDT.csv', 'AIUSDT.csv', 'AIXBTUSDT.csv', 'AKROUSDT.csv', 'ALCHUSDT.csv', 'ALCXUSDT.csv', 'ALGOUSDT.csv', 'ALICEUSDT.csv', 'ALPACAUSDT.csv', 'ALPHAUSDT.csv', 'ALPINEUSDT.csv', 'ALTUSDT.csv', 'AMBUSDT.csv', 'AMPUSDT.csv', 'ANCUSDT.csv', 'ANIMEUSDT.csv', 'ANKRUSDT.csv', 'ANTUSDT.csv', 'ANYUSDT.csv', 'APEUSDT.csv', 'APEXUSDT.csv', 'API3USDT.csv', 'APTUSDT.csv', 'ARBUSDT.csv', 'ARDRUSDT.csv', 'ARKMUSDT.csv', 'ARKUSDT.csv', 'ARPAUSDT.csv', 'ARUSDT.csv', 'ASRUSDT.csv', 'ASTRUSDT.csv', 'ASTUSDT.csv', 'ATAUSDT.csv', 'ATHUSDT.csv', 'ATMUSDT.csv', 'ATOMUSDT.csv', 'AUCTIONUSDT.csv', 'AUDIOUSDT.csv', 'AUDUSDT.csv', 'AUTOUSDT.csv', 'AVAILUSDT.csv', 'AVAUSDT.csv', 'AVAXUSDT.csv', 'AXLUSDT.csv', 'AXSUSDT.csv', 'BABYUSDT.csv', 'BADGERUSDT.csv', 'BAKEUSDT.csv', 'BALUSDT.csv', 'BANANAS31USDT.csv', 'BANANAUSDT.csv', 'BANDUSDT.csv', 'BANUSDT.csv', 'BARUSDT.csv', 'BATUSDT.csv', 'BBUSDT.csv', 'BCCUSDT.csv', 'BCHABCUSDT.csv', 'BCHDOWNUSDT.csv', 'BCHSVUSDT.csv', 'BCHUPUSDT.csv', 'BCHUSDT.csv', 'BCPTUSDT.csv', 'BEAMUSDT.csv', 'BEAMXUSDT.csv', 'BEARUSDT.csv', 'BELUSDT.csv', 'BERAUSDT.csv', 'BETAUSDT.csv', 'BETHUSDT.csv', 'BGBPUSDT.csv', 'BICOUSDT.csv', 'BIFIUSDT.csv', 'BIGTIMEUSDT.csv', 'BIOUSDT.csv', 'BKRWUSDT.csv', 'BLASTUSDT.csv', 'BLURUSDT.csv', 'BLZUSDT.csv', 'BMTUSDT.csv', 'BNBBEARUSDT.csv', 'BNBBULLUSDT.csv', 'BNBDOWNUSDT.csv', 'BNBUPUSDT.csv', 'BNBUSDT.csv', 'BNSOLUSDT.csv', 'BNTUSDT.csv', 'BNXUSDT.csv', 'BOBAUSDT.csv', 'BOMEUSDT.csv', 'BONDUSDT.csv', 'BONKUSDT.csv', 'BRETTUSDT.csv', 'BROCCOLI714USDT.csv', 'BSWUSDT.csv', 'BTCDOWNUSDT.csv', 'BTCSTUSDT.csv', 'BTCUPUSDT.csv', 'BTCUSDT.csv', 'BTGUSDT.csv', 'BTSUSDT.csv', 'BTTCUSDT.csv', 'BTTUSDT.csv', 'BULLUSDT.csv', 'BURGERUSDT.csv', 'BUSDUSDT.csv', 'BZRXUSDT.csv', 'C98USDT.csv', 'CAKEUSDT.csv', 'CARVUSDT.csv', 'CATIUSDT.csv', 'CELOUSDT.csv', 'CELRUSDT.csv', 'CELUSDT.csv', 'CETUSUSDT.csv', 'CFXUSDT.csv', 'CGPTUSDT.csv', 'CHESSUSDT.csv', 'CHILLGUYUSDT.csv', 'CHRUSDT.csv', 'CHZUSDT.csv', 'CITYUSDT.csv', 'CKBUSDT.csv', 'CLOUDUSDT.csv', 'CLVUSDT.csv', 'COCOSUSDT.csv', 'COMBOUSDT.csv', 'COMPUSDT.csv', 'COOKIEUSDT.csv', 'COOKUSDT.csv', 'COREUSDT.csv', 'COSUSDT.csv', 'COTIUSDT.csv', 'COWUSDT.csv', 'CREAMUSDT.csv', 'CRVUSDT.csv', 'CTCUSDT.csv', 'CTKUSDT.csv', 'CTSIUSDT.csv', 'CTXCUSDT.csv', 'CVCUSDT.csv', 'CVPUSDT.csv', 'CVXUSDT.csv', 'CYBERUSDT.csv', 'DAIUSDT.csv', 'DARUSDT.csv', 'DASHUSDT.csv', 'DATAUSDT.csv', 'DBRUSDT.csv', 'DCRUSDT.csv', 'DEEPUSDT.csv', 'DEGENUSDT.csv', 'DEGOUSDT.csv', 'DENTUSDT.csv', 'DEXEUSDT.csv', 'DFUSDT.csv', 'DGBUSDT.csv', 'DIAUSDT.csv', 'DNTUSDT.csv', 'DOCKUSDT.csv', 'DODOUSDT.csv', 'DOGEUSDT.csv', 'DOGSUSDT.csv', 'DOP1USDT.csv', 'DOTDOWNUSDT.csv', 'DOTUPUSDT.csv', 'DOTUSDT.csv', 'DREPUSDT.csv', 'DRIFTUSDT.csv', 'DUSDT.csv', 'DUSKUSDT.csv', 'DYDXUSDT.csv', 'DYMUSDT.csv', 'EDUUSDT.csv', 'EGLDUSDT.csv', 'EIGENUSDT.csv', 'ELFUSDT.csv', 'ENAUSDT.csv', 'ENJUSDT.csv', 'ENSUSDT.csv', 'EOSBEARUSDT.csv', 'EOSBULLUSDT.csv', 'EOSDOWNUSDT.csv', 'EOSUPUSDT.csv', 'EOSUSDT.csv', 'EPICUSDT.csv', 'EPSUSDT.csv', 'EPXUSDT.csv', 'ERDUSDT.csv', 'ERNUSDT.csv', 'ETCUSDT.csv', 'ETHBEARUSDT.csv', 'ETHBULLUSDT.csv', 'ETHDOWNUSDT.csv', 'ETHFIUSDT.csv', 'ETHUPUSDT.csv', 'ETHUSDT.csv', 'ETHWUSDT.csv', 'EURIUSDT.csv', 'EURUSDT.csv', 'FARMUSDT.csv', 'FBUSDT.csv', 'FDUSDUSDT.csv', 'FETUSDT.csv', 'FIDAUSDT.csv', 'FILDOWNUSDT.csv', 'FILUPUSDT.csv', 'FILUSDT.csv', 'FIOUSDT.csv', 'FIREUSDT.csv', 'FIROUSDT.csv', 'FISUSDT.csv', 'FITFIUSDT.csv', 'FLMUSDT.csv', 'FLOCKUSDT.csv', 'FLOKIUSDT.csv', 'FLOWUSDT.csv', 'FLRUSDT.csv', 'FLUXUSDT.csv', 'FORMUSDT.csv', 'FORTHUSDT.csv', 'FORUSDT.csv', 'FOXYUSDT.csv', 'FRONTUSDT.csv', 'FTMUSDT.csv', 'FTTUSDT.csv', 'FUELUSDT.csv', 'FUNUSDT.csv', 'FUSDT.csv', 'FXSUSDT.csv', 'GALAUSDT.csv', 'GALUSDT.csv', 'GASUSDT.csv', 'GBPUSDT.csv', 'GFTUSDT.csv', 'GHSTUSDT.csv', 'GLMRUSDT.csv', 'GLMUSDT.csv', 'GMTUSDT.csv', 'GMXUSDT.csv', 'GNOUSDT.csv', 'GNSUSDT.csv', 'GOATUSDT.csv', 'GODSUSDT.csv', 'GPSUSDT.csv', 'GRASSUSDT.csv', 'GRTUSDT.csv', 'GSTUSDT.csv', 'GTCUSDT.csv', 'GTOUSDT.csv', 'GUNUSDT.csv', 'GUSDT.csv', 'GXSUSDT.csv', 'HARDUSDT.csv', 'HBARUSDT.csv', 'HCUSDT.csv', 'HEIUSDT.csv', 'HFTUSDT.csv', 'HIFIUSDT.csv', 'HIGHUSDT.csv', 'HIVEUSDT.csv', 'HMSTRUSDT.csv', 'HNTUSDT.csv', 'HOOKUSDT.csv', 'HOTUSDT.csv', 'HPOS10IUSDT.csv', 'HYPERUSDT.csv', 'ICPUSDT.csv', 'ICXUSDT.csv', 'IDEXUSDT.csv', 'IDUSDT.csv', 'ILVUSDT.csv', 'IMXUSDT.csv', 'INITUSDT.csv', 'INJUSDT.csv', 'IOSTUSDT.csv', 'IOTAUSDT.csv', 'IOTXUSDT.csv', 'IOUSDT.csv', 'IQUSDT.csv', 'IRISUSDT.csv', 'JASMYUSDT.csv', 'JOEUSDT.csv', 'JSTUSDT.csv', 'JTOUSDT.csv', 'JUPUSDT.csv', 'JUSDT.csv', 'JUVUSDT.csv', 'KAIAUSDT.csv', 'KAITOUSDT.csv', 'KASUSDT.csv', 'KAVAUSDT.csv', 'KDAUSDT.csv', 'KEEPUSDT.csv', 'KERNELUSDT.csv', 'KEYUSDT.csv', 'KLAYUSDT.csv', 'KMDUSDT.csv', 'KMNOUSDT.csv', 'KNCUSDT.csv', 'KP3RUSDT.csv', 'KSMUSDT.csv', 'L3USDT.csv', 'LAIUSDT.csv', 'LAYERUSDT.csv', 'LAZIOUSDT.csv', 'LDOUSDT.csv', 'LENDUSDT.csv', 'LEVERUSDT.csv', 'LFTUSDT.csv', 'LINAUSDT.csv', 'LINKDOWNUSDT.csv', 'LINKUPUSDT.csv', 'LINKUSDT.csv', 'LISTAUSDT.csv', 'LITUSDT.csv', 'LOKAUSDT.csv', 'LOOKSUSDT.csv', 'LOOMUSDT.csv', 'LPTUSDT.csv', 'LQTYUSDT.csv', 'LRCUSDT.csv', 'LSKUSDT.csv', 'LTCDOWNUSDT.csv', 'LTCUPUSDT.csv', 'LTCUSDT.csv', 'LTOUSDT.csv', 'LUCEUSDT.csv', 'LUMIAUSDT.csv', 'LUNAUSDT.csv', 'LUNCUSDT.csv', 'MAGICUSDT.csv', 'MAJORUSDT.csv', 'MANAUSDT.csv', 'MANTAUSDT.csv', 'MASAUSDT.csv', 'MASKUSDT.csv', 'MATICUSDT.csv', 'MAVIAUSDT.csv', 'MAVUSDT.csv', 'MBLUSDT.csv', 'MBOXUSDT.csv', 'MCOUSDT.csv', 'MCUSDT.csv', 'MDTUSDT.csv', 'MDXUSDT.csv', 'MEMEFIUSDT.csv', 'MEMEUSDT.csv', 'MERLUSDT.csv', 'METISUSDT.csv', 'MEUSDT.csv', 'MEWUSDT.csv', 'MFTUSDT.csv', 'MINAUSDT.csv', 'MIRUSDT.csv', 'MITHUSDT.csv', 'MKRUSDT.csv', 'MLNUSDT.csv', 'MNTUSDT.csv', 'MOBUSDT.csv', 'MOCAUSDT.csv', 'MONUSDT.csv', 'MORPHOUSDT.csv', 'MOVEUSDT.csv', 'MOVRUSDT.csv', 'MTLUSDT.csv', 'MUBARAKUSDT.csv', 'MULTIUSDT.csv', 'MVLUSDT.csv', 'MYRIAUSDT.csv', 'MYROUSDT.csv', 'NANOUSDT.csv', 'NBSUSDT.csv', 'NBTUSDT.csv', 'NEARUSDT.csv', 'NEBLUSDT.csv', 'NEIROUSDT.csv', 'NEOUSDT.csv', 'NEXOUSDT.csv', 'NFPUSDT.csv', 'NILUSDT.csv', 'NKNUSDT.csv', 'NMRUSDT.csv', 'NOTUSDT.csv', 'NPXSUSDT.csv', 'NSUSDT.csv', 'NTRNUSDT.csv', 'NULSUSDT.csv', 'NUUSDT.csv', 'NYANUSDT.csv', 'OAXUSDT.csv', 'OCEANUSDT.csv', 'OGNUSDT.csv', 'OGUSDT.csv', 'OLUSDT.csv', 'OMGUSDT.csv', 'OMNIUSDT.csv', 'OMUSDT.csv', 'ONDOUSDT.csv', 'ONEUSDT.csv', 'ONGUSDT.csv', 'ONTUSDT.csv', 'OOKIUSDT.csv', 'OPUSDT.csv', 'ORCAUSDT.csv', 'ORDERUSDT.csv', 'ORDIUSDT.csv', 'ORNUSDT.csv', 'OSMOUSDT.csv', 'OXTUSDT.csv', 'PARTIUSDT.csv', 'PAXGUSDT.csv', 'PAXUSDT.csv', 'PDAUSDT.csv', 'PENDLEUSDT.csv', 'PENGUUSDT.csv', 'PEOPLEUSDT.csv', 'PEPEUSDT.csv', 'PERLUSDT.csv', 'PERPUSDT.csv', 'PHAUSDT.csv', 'PHBUSDT.csv', 'PIRATEUSDT.csv', 'PIVXUSDT.csv', 'PIXELUSDT.csv', 'PIXFIUSDT.csv', 'PLAUSDT.csv', 'PLUMEUSDT.csv', 'PNTUSDT.csv', 'PNUTUSDT.csv', 'POLSUSDT.csv', 'POLUSDT.csv', 'POLYUSDT.csv', 'POLYXUSDT.csv', 'PONDUSDT.csv', 'PONKEUSDT.csv', 'POPCATUSDT.csv', 'PORTALUSDT.csv', 'PORTOUSDT.csv', 'POWRUSDT.csv', 'PRCLUSDT.csv', 'PRIMEUSDT.csv', 'PROMUSDT.csv', 'PROSUSDT.csv', 'PSGUSDT.csv', 'PUFFERUSDT.csv', 'PUNDIXUSDT.csv', 'PYRUSDT.csv', 'PYTHUSDT.csv', 'QIUSDT.csv', 'QKCUSDT.csv', 'QNTUSDT.csv', 'QTUMUSDT.csv', 'QUICKUSDT.csv', 'RADUSDT.csv', 'RAMPUSDT.csv', 'RAREUSDT.csv', 'RAYUSDT.csv', 'RDNTUSDT.csv', 'REDUSDT.csv', 'REEFUSDT.csv', 'REIUSDT.csv', 'RENDERUSDT.csv', 'RENUSDT.csv', 'REPUSDT.csv', 'REQUSDT.csv', 'REZUSDT.csv', 'RGTUSDT.csv', 'RIFUSDT.csv', 'RLCUSDT.csv', 'RNDRUSDT.csv', 'RONINUSDT.csv', 'ROSEUSDT.csv', 'RPLUSDT.csv', 'RSRUSDT.csv', 'RSS3USDT.csv', 'RUNEUSDT.csv', 'RVNUSDT.csv', 'SAFEUSDT.csv', 'SAGAUSDT.csv', 'SANDUSDT.csv', 'SANTOSUSDT.csv', 'SCAUSDT.csv', 'SCRTUSDT.csv', 'SCRUSDT.csv', 'SCUSDT.csv', 'SDUSDT.csv', 'SEIUSDT.csv', 'SENDUSDT.csv', 'SFPUSDT.csv', 'SHELLUSDT.csv', 'SHIBUSDT.csv', 'SKLUSDT.csv', 'SLFUSDT.csv', 'SLPUSDT.csv', 'SNTUSDT.csv', 'SNXUSDT.csv', 'SOLOUSDT.csv', 'SOLUSDT.csv', 'SOLVUSDT.csv', 'SONICUSDT.csv', 'SPECUSDT.csv', 'SPELLUSDT.csv', 'SPXUSDT.csv', 'SRMUSDT.csv', 'SSVUSDT.csv', 'STEEMUSDT.csv', 'STGUSDT.csv', 'STMXUSDT.csv', 'STORJUSDT.csv', 'STORMUSDT.csv', 'STPTUSDT.csv', 'STRATUSDT.csv', 'STRAXUSDT.csv', 'STRKUSDT.csv', 'STXUSDT.csv', 'SUIUSDT.csv', 'SUNDOGUSDT.csv', 'SUNUSDT.csv', 'SUPERUSDT.csv', 'SUSDT.csv', 'SUSDUSDT.csv', 'SUSHIDOWNUSDT.csv', 'SUSHIUPUSDT.csv', 'SUSHIUSDT.csv', 'SWEATUSDT.csv', 'SWELLUSDT.csv', 'SXPDOWNUSDT.csv', 'SXPUPUSDT.csv', 'SXPUSDT.csv', 'SYNUSDT.csv', 'SYSUSDT.csv', 'TAIKOUSDT.csv', 'TAIUSDT.csv', 'TAOUSDT.csv', 'TCTUSDT.csv', 'TFUELUSDT.csv', 'THETAUSDT.csv', 'THEUSDT.csv', 'TIAUSDT.csv', 'TKOUSDT.csv', 'TLMUSDT.csv', 'TNSRUSDT.csv', 'TOKENUSDT.csv', 'TOMIUSDT.csv', 'TOMOUSDT.csv', 'TONUSDT.csv', 'TORNUSDT.csv', 'TRBUSDT.csv', 'TRIBEUSDT.csv', 'TROYUSDT.csv', 'TRUMPUSDT.csv', 'TRUUSDT.csv', 'TRXDOWNUSDT.csv', 'TRXUPUSDT.csv', 'TRXUSDT.csv', 'TSTUSDT.csv', 'TURBOUSDT.csv', 'TUSDT.csv', 'TUSDUSDT.csv', 'TUTUSDT.csv', 'TVKUSDT.csv', 'TWTUSDT.csv', 'UFTUSDT.csv', 'UMAUSDT.csv', 'UNFIUSDT.csv', 'UNIDOWNUSDT.csv', 'UNIUPUSDT.csv', 'UNIUSDT.csv', 'USDCUSDT.csv', 'USDEUSDT.csv', 'USDPUSDT.csv', 'USDSBUSDT.csv', 'USDSUSDT.csv', 'USTCUSDT.csv', 'USTUSDT.csv', 'USUALUSDT.csv', 'UTKUSDT.csv', 'UXLINKUSDT.csv', 'VANAUSDT.csv', 'VANRYUSDT.csv', 'VELODROMEUSDT.csv', 'VELOUSDT.csv', 'VENUSDT.csv', 'VETUSDT.csv', 'VGXUSDT.csv', 'VIBUSDT.csv', 'VICUSDT.csv', 'VIDTUSDT.csv', 'VIRTUALUSDT.csv', 'VITEUSDT.csv', 'VOXELUSDT.csv', 'VRAUSDT.csv', 'VTHOUSDT.csv', 'WANUSDT.csv', 'WAVESUSDT.csv', 'WAXPUSDT.csv', 'WBETHUSDT.csv', 'WBTCUSDT.csv', 'WCTUSDT.csv', 'WIFUSDT.csv', 'WINGUSDT.csv', 'WINUSDT.csv', 'WLDUSDT.csv', 'WNXMUSDT.csv', 'WOOUSDT.csv', 'WRXUSDT.csv', 'WTCUSDT.csv', 'WUSDT.csv', 'XAIUSDT.csv', 'XDCUSDT.csv', 'XECUSDT.csv', 'XEMUSDT.csv', 'XIONUSDT.csv', 'XLMDOWNUSDT.csv', 'XLMUPUSDT.csv', 'XLMUSDT.csv', 'XMRUSDT.csv', 'XNOUSDT.csv', 'XRPBEARUSDT.csv', 'XRPBULLUSDT.csv', 'XRPDOWNUSDT.csv', 'XRPUPUSDT.csv', 'XRPUSDT.csv', 'XTZDOWNUSDT.csv', 'XTZUPUSDT.csv', 'XTZUSDT.csv', 'XUSDUSDT.csv', 'XVGUSDT.csv', 'XVSUSDT.csv', 'XZCUSDT.csv', 'YFIDOWNUSDT.csv', 'YFIIUSDT.csv', 'YFIUPUSDT.csv', 'YFIUSDT.csv', 'YGGUSDT.csv', 'ZECUSDT.csv', 'ZENTUSDT.csv', 'ZENUSDT.csv', 'ZEREBROUSDT.csv', 'ZETAUSDT.csv', 'ZILUSDT.csv', 'ZKFUSDT.csv', 'ZKJUSDT.csv', 'ZKUSDT.csv', 'ZRCUSDT.csv', 'ZROUSDT.csv', 'ZRXUSDT.csv']
2025-05-06 16:45:44,469 - INFO - [STEP 1] Loading multi-crypto data
2025-05-06 16:45:44,605 - INFO - Loading files: ['1000CATUSDT.csv', '1000CHEEMSUSDT.csv', '1000SATSUSDT.csv', '1INCHDOWNUSDT.csv', '1INCHUPUSDT.csv', '1INCHUSDT.csv', '1MBABYDOGEUSDT.csv', 'A8USDT.csv', 'AAVEDOWNUSDT.csv', 'AAVEUPUSDT.csv', 'AAVEUSDT.csv', 'ACAUSDT.csv', 'ACEUSDT.csv', 'ACHUSDT.csv', 'ACMUSDT.csv', 'ACTUSDT.csv', 'ACXUSDT.csv', 'ADADOWNUSDT.csv', 'ADAUPUSDT.csv', 'ADAUSDT.csv', 'ADXUSDT.csv', 'AERGOUSDT.csv', 'AEROUSDT.csv', 'AEURUSDT.csv', 'AEVOUSDT.csv', 'AGIUSDT.csv', 'AGIXUSDT.csv', 'AGLDUSDT.csv', 'AI16ZUSDT.csv', 'BTCUSDT.csv']
2025-05-06 16:46:02,622 - INFO - [INFO] Loaded data shape: (534063, 7)
2025-05-06 16:46:02,636 - INFO - [STEP 2] Normalizing timestamps
2025-05-06 16:46:03,911 - INFO - Aggrego i dati a daily...
2025-05-06 16:46:08,841 - INFO - [STEP 3] Feature engineering
2025-05-06 16:48:14,732 - INFO - [STEP 4] Label generation
2025-05-06 16:48:15,107 - INFO - Distribuzione classi:
label
1    0.425894
0    0.287578
2    0.286528
Name: proportion, dtype: float64
2025-05-06 16:48:15,112 - INFO - [STEP 5] Feature scaling
2025-05-06 16:48:16,078 - INFO - [STEP 6] Reconstructing scaled DataFrame
2025-05-06 16:48:16,263 - INFO - [STEP 7] Train/test split
2025-05-06 16:48:16,450 - INFO - Train shape: (11030, 104), Test shape: (2309, 104)
2025-05-06 16:51:19,648 - ERROR - Error in main execution: 'NoneType' object cannot be interpreted as an integer
2025-05-06 17:27:33,341 - INFO - [STEP 1] Loading multi-crypto data
2025-05-06 17:27:33,443 - INFO - Loading files: ['1000CATUSDT.csv', '1000CHEEMSUSDT.csv', '1000SATSUSDT.csv', '1INCHDOWNUSDT.csv', '1INCHUPUSDT.csv', '1INCHUSDT.csv', '1MBABYDOGEUSDT.csv', 'A8USDT.csv', 'AAVEDOWNUSDT.csv', 'AAVEUPUSDT.csv', 'AAVEUSDT.csv', 'ACAUSDT.csv', 'ACEUSDT.csv', 'ACHUSDT.csv', 'ACMUSDT.csv', 'ACTUSDT.csv', 'ACXUSDT.csv', 'ADADOWNUSDT.csv', 'ADAUPUSDT.csv', 'ADAUSDT.csv', 'ADXUSDT.csv', 'AERGOUSDT.csv', 'AEROUSDT.csv', 'AEURUSDT.csv', 'AEVOUSDT.csv', 'AGIUSDT.csv', 'AGIXUSDT.csv', 'AGLDUSDT.csv', 'AI16ZUSDT.csv', 'BTCUSDT.csv']
2025-05-06 17:27:51,626 - INFO - [INFO] Loaded data shape: (534063, 7)
2025-05-06 17:27:51,631 - INFO - [STEP 2] Normalizing timestamps
2025-05-06 17:27:53,469 - INFO - Aggrego i dati a daily...
2025-05-06 17:27:58,655 - INFO - [STEP 3] Feature engineering
2025-05-06 17:29:26,093 - INFO - [STEP 4] Label generation
2025-05-06 17:29:26,452 - INFO - Distribuzione classi:
label
1    0.425894
0    0.287578
2    0.286528
Name: proportion, dtype: float64
2025-05-06 17:29:26,460 - INFO - [STEP 5] Feature scaling
2025-05-06 17:29:27,042 - INFO - [STEP 6] Reconstructing scaled DataFrame
2025-05-06 17:29:27,111 - INFO - [STEP 7] Train/test split
2025-05-06 17:29:27,235 - INFO - Train shape: (11030, 104), Test shape: (2309, 104)
2025-05-06 18:23:11,615 - INFO - Training XGBoost with best parameters (no GridSearch)...
2025-05-06 18:25:01,024 - INFO - Feature selection: uso tutte le feature (nessun filtro).
2025-05-06 18:25:01,139 - INFO - Retrain XGBoost sulle feature selezionate...
2025-05-06 18:25:01,152 - INFO - Training XGBoost with best parameters (no GridSearch)...
2025-05-06 18:26:29,160 - INFO - 
XGBoost Metrics:
2025-05-06 18:26:29,164 - INFO - Accuracy: 0.3032
2025-05-06 18:26:29,168 - INFO - F1 Macro: 0.2710
2025-05-06 18:26:29,171 - INFO - F1 Weighted: 0.3067
2025-05-06 18:26:29,171 - INFO - 
Classification Report:
              precision    recall  f1-score   support

           0      0.182     0.701     0.288       422
           1      0.644     0.256     0.366      1385
           2      0.388     0.100     0.158       502

    accuracy                          0.303      2309
   macro avg      0.404     0.352     0.271      2309
weighted avg      0.504     0.303     0.307      2309

2025-05-06 18:26:31,028 - INFO - Day 7 completed successfully!
